=== Fetching sales recordings from VICIdial ===

Found 749 sales recordings

↓ Downloading: confirmations/Illinois/20251106-040427_5022246894.mp3
  Lead: 42271928 | Campaign: 1028 | 0.9 min
  URL: https://98.126.31.38/RECORDINGS/MP3/20251106-040427_5022246894-all.mp3
  ✓ Saved to: /Users/mosesherrera/Desktop/vicidial-analysis/sales_recordings/confirmations/Illinois/20251106-040427_5022246894.mp3

⊘ Already exists: confirmations/Illinois/20251104-123803_5022246894.mp3
⊘ Already exists: confirmations/Illinois/20251104-123833_5022246894.mp3
↓ Downloading: confirmations/Illinois/20251105-234509_5022246894.mp3
  Lead: 42271928 | Campaign: 1028 | 0.5 min
  URL: https://67.198.205.58/RECORDINGS/MP3/20251105-234509_5022246894-all.mp3
  ✓ Saved to: /Users/mosesherrera/Desktop/vicidial-analysis/sales_recordings/confirmations/Illinois/20251105-234509_5022246894.mp3

⊘ Already exists: confirmations/Illinois/20251105-094121_5022246894.mp3
↓ Downloading: pitches/Illinois/20251104-090514_5022246894.mp3
  Lead: 42271928 | Campaign: 1028 | 8.1 min
  URL: https://98.126.31.38/RECORDINGS/MP3/20251104-090514_5022246894-all.mp3
  ✓ Saved to: /Users/mosesherrera/Desktop/vicidial-analysis/sales_recordings/pitches/Illinois/20251104-090514_5022246894.mp3

⊘ Already exists: confirmations/Illinois/20251104-125447_5022246894.mp3
↓ Downloading: confirmations/Illinois/20251104-111943_5022246894.mp3
  Lead: 42271928 | Campaign: 1028 | 0.3 min
  URL: https://67.198.205.58/RECORDINGS/MP3/20251104-111943_5022246894-all.mp3
  ✓ Saved to: /Users/mosesherrera/Desktop/vicidial-analysis/sales_recordings/confirmations/Illinois/20251104-111943_5022246894.mp3

↓ Downloading: confirmations/Illinois/20251104-115806_5022246894.mp3
  Lead: 42271928 | Campaign: 1028 | 0.8 min
  URL: https://67.198.205.58/RECORDINGS/MP3/20251104-115806_5022246894-all.mp3
  ✓ Saved to: /Users/mosesherrera/Desktop/vicidial-analysis/sales_recordings/confirmations/Illinois/20251104-115806_5022246894.mp3

⊘ Already exists: confirmations/Illinois/20251105-130114_5022246894.mp3
↓ Downloading: confirmations/Illinois/20251104-135536_5022246894.mp3
  Lead: 42271928 | Campaign: 1028 | 0.4 min
  URL: https://98.126.31.38/RECORDINGS/MP3/20251104-135536_5022246894-all.mp3
  ✓ Saved to: /Users/mosesherrera/Desktop/vicidial-analysis/sales_recordings/confirmations/Illinois/20251104-135536_5022246894.mp3

↓ Downloading: confirmations/Illinois/20251104-112006_5022246894.mp3
  Lead: 42271928 | Campaign: 1028 | 0.7 min
  URL: https://67.198.205.58/RECORDINGS/MP3/20251104-112006_5022246894-all.mp3
  ✓ Saved to: /Users/mosesherrera/Desktop/vicidial-analysis/sales_recordings/confirmations/Illinois/20251104-112006_5022246894.mp3

↓ Downloading: confirmations/Illinois/20251104-115912_5022246894.mp3
  Lead: 42271928 | Campaign: 1028 | 0.7 min
  URL: https://67.198.205.58/RECORDINGS/MP3/20251104-115912_5022246894-all.mp3
  ✓ Saved to: /Users/mosesherrera/Desktop/vicidial-analysis/sales_recordings/confirmations/Illinois/20251104-115912_5022246894.mp3

↓ Downloading: pitches/Illinois/20251106-013949_5025234786.mp3
  Lead: 42290266 | Campaign: 1028 | 3.4 min
  URL: https://67.198.205.58/RECORDINGS/MP3/20251106-013949_5025234786-all.mp3
  ✓ Saved to: /Users/mosesherrera/Desktop/vicidial-analysis/sales_recordings/pitches/Illinois/20251106-013949_5025234786.mp3

↓ Downloading: pitches/Illinois/20251105-092000_5025234786.mp3
  Lead: 42290266 | Campaign: 1028 | 15.9 min
  URL: https://67.198.205.58/RECORDINGS/MP3/20251105-092000_5025234786-all.mp3
  ✓ Saved to: /Users/mosesherrera/Desktop/vicidial-analysis/sales_recordings/pitches/Illinois/20251105-092000_5025234786.mp3

⊘ Already exists: confirmations/Georgia/20251105-094009_3145718664.mp3
↓ Downloading: confirmations/Georgia/20251105-234241_3145718664.mp3
  Lead: 42008355 | Campaign: 1027 | 0.6 min
  URL: https://67.198.205.58/RECORDINGS/MP3/20251105-234241_3145718664-all.mp3
  ✓ Saved to: /Users/mosesherrera/Desktop/vicidial-analysis/sales_recordings/confirmations/Georgia/20251105-234241_3145718664.mp3

↓ Downloading: confirmations/Georgia/20251027-145632_3145718664.mp3
  Lead: 42008355 | Campaign: 1027 | 0.5 min
  URL: https://67.198.205.58/RECORDINGS/MP3/20251027-145632_3145718664-all.mp3
  ✓ Saved to: /Users/mosesherrera/Desktop/vicidial-analysis/sales_recordings/confirmations/Georgia/20251027-145632_3145718664.mp3

↓ Downloading: confirmations/Georgia/20251028-023722_3145718664.mp3
  Lead: 42008355 | Campaign: 1027 | 2.7 min
  URL: https://67.198.205.58/RECORDINGS/MP3/20251028-023722_3145718664-all.mp3
  ✓ Saved to: /Users/mosesherrera/Desktop/vicidial-analysis/sales_recordings/confirmations/Georgia/20251028-023722_3145718664.mp3

↓ Downloading: confirmations/Georgia/20251106-041147_3145718664.mp3
  Lead: 42008355 | Campaign: 1027 | 0.8 min
  URL: https://98.126.31.38/RECORDINGS/MP3/20251106-041147_3145718664-all.mp3
  ✓ Saved to: /Users/mosesherrera/Desktop/vicidial-analysis/sales_recordings/confirmations/Georgia/20251106-041147_3145718664.mp3

⊘ Already exists: confirmations/Georgia/20251027-124154_3145718664.mp3
⊘ Already exists: confirmations/Georgia/20251105-141100_3145718664.mp3
↓ Downloading: pitches/Georgia/20251027-102125_3145718664.mp3
  Lead: 42008355 | Campaign: 1027 | 9.7 min
  URL: https://98.126.31.38/RECORDINGS/MP3/20251027-102125_3145718664-all.mp3
  ✓ Saved to: /Users/mosesherrera/Desktop/vicidial-analysis/sales_recordings/pitches/Georgia/20251027-102125_3145718664.mp3

↓ Downloading: confirmations/Georgia/20251028-024324_3145718664.mp3
  Lead: 42008355 | Campaign: 1027 | 0.5 min
  URL: https://67.198.205.58/RECORDINGS/MP3/20251028-024324_3145718664-all.mp3
  ✓ Saved to: /Users/mosesherrera/Desktop/vicidial-analysis/sales_recordings/confirmations/Georgia/20251028-024324_3145718664.mp3

⊘ Already exists: confirmations/Georgia/20251104-144215_7203223416.mp3
↓ Downloading: confirmations/Georgia/20251105-012026_7203223416.mp3
  Lead: 39342149 | Campaign: 1027 | 0.6 min
  URL: https://98.126.31.38/RECORDINGS/MP3/20251105-012026_7203223416-all.mp3
  ✓ Saved to: /Users/mosesherrera/Desktop/vicidial-analysis/sales_recordings/confirmations/Georgia/20251105-012026_7203223416.mp3

⊘ Already exists: confirmations/Georgia/20251105-094040_7203223416.mp3
↓ Downloading: pitches/Georgia/20251105-221903_7203223416.mp3
  Lead: 39342149 | Campaign: 1027 | 3.4 min
  URL: https://67.198.205.58/RECORDINGS/MP3/20251105-221903_7203223416-all.mp3
  ✓ Saved to: /Users/mosesherrera/Desktop/vicidial-analysis/sales_recordings/pitches/Georgia/20251105-221903_7203223416.mp3

⊘ Already exists: confirmations/Georgia/20251104-123925_7203223416.mp3
⊘ Already exists: pitches/Georgia/20251104-090912_7203223416.mp3
↓ Downloading: confirmations/Georgia/20251105-012959_7203223416.mp3
  Lead: 39342149 | Campaign: 1027 | 0.6 min
  URL: https://98.126.31.38/RECORDINGS/MP3/20251105-012959_7203223416-all.mp3
  ✓ Saved to: /Users/mosesherrera/Desktop/vicidial-analysis/sales_recordings/confirmations/Georgia/20251105-012959_7203223416.mp3

⊘ Already exists: confirmations/Georgia/20251104-132755_7203223416.mp3
↓ Downloading: confirmations/Illinois/20251104-162417_6188414225.mp3
  Lead: 41566264 | Campaign: 1028 | 0.4 min
  URL: https://98.126.31.38/RECORDINGS/MP3/20251104-162417_6188414225-all.mp3
  ✓ Saved to: /Users/mosesherrera/Desktop/vicidial-analysis/sales_recordings/confirmations/Illinois/20251104-162417_6188414225.mp3

↓ Downloading: confirmations/Illinois/20251104-162340_6188414225.mp3
  Lead: 41566264 | Campaign: 1028 | 0.5 min
  URL: https://98.126.31.38/RECORDINGS/MP3/20251104-162340_6188414225-all.mp3
  ✓ Saved to: /Users/mosesherrera/Desktop/vicidial-analysis/sales_recordings/confirmations/Illinois/20251104-162340_6188414225.mp3

↓ Downloading: pitches/Illinois/20251104-140449_6188414225.mp3
  Lead: 41566264 | Campaign: 1028 | 15.4 min
  URL: https://98.126.31.38/RECORDINGS/MP3/20251104-140449_6188414225-all.mp3
  ✓ Saved to: /Users/mosesherrera/Desktop/vicidial-analysis/sales_recordings/pitches/Illinois/20251104-140449_6188414225.mp3

↓ Downloading: confirmations/Georgia/20251105-012537_4043583979.mp3
  Lead: 42570780 | Campaign: 1027 | 0.4 min
  URL: https://98.126.31.38/RECORDINGS/MP3/20251105-012537_4043583979-all.mp3
  ✓ Saved to: /Users/mosesherrera/Desktop/vicidial-analysis/sales_recordings/confirmations/Georgia/20251105-012537_4043583979.mp3

↓ Downloading: confirmations/Georgia/20251104-092526_4043583979.mp3
  Lead: 42570780 | Campaign: 1027 | 0.1 min
  URL: https://98.126.31.38/RECORDINGS/MP3/20251104-092526_4043583979-all.mp3
  ✓ Saved to: /Users/mosesherrera/Desktop/vicidial-analysis/sales_recordings/confirmations/Georgia/20251104-092526_4043583979.mp3

↓ Downloading: pitches/Kentucky/20251105-000716_6157329599.mp3
  Lead: 42913846 | Campaign: 1030 | 3.9 min
  URL: https://98.126.31.38/RECORDINGS/MP3/20251105-000716_6157329599-all.mp3
  ✓ Saved to: /Users/mosesherrera/Desktop/vicidial-analysis/sales_recordings/pitches/Kentucky/20251105-000716_6157329599.mp3

↓ Downloading: pitches/Kentucky/20251104-074947_6157329599.mp3
  Lead: 42913846 | Campaign: 1030 | 10.6 min
  URL: https://98.126.31.38/RECORDINGS/MP3/20251104-074947_6157329599-all.mp3
  ✓ Saved to: /Users/mosesherrera/Desktop/vicidial-analysis/sales_recordings/pitches/Kentucky/20251104-074947_6157329599.mp3

⊘ Already exists: pitches/Georgia/20251103-124813_2547492741.mp3
⊘ Already exists: pitches/Georgia/20251103-150352_2547492741.mp3
⊘ Already exists: pitches/Georgia/20251103-145836_4044414049.mp3
⊘ Already exists: pitches/Georgia/20251103-125307_4044414049.mp3
↓ Downloading: pitches/Georgia/20251103-124615_4044414049.mp3
  Lead: 42886476 | Campaign: 1027 | 7.3 min
  URL: https://98.126.31.38/RECORDINGS/MP3/20251103-124615_4044414049-all.mp3
  ✓ Saved to: /Users/mosesherrera/Desktop/vicidial-analysis/sales_recordings/pitches/Georgia/20251103-124615_4044414049.mp3

⊘ Already exists: pitches/Illinois/20251103-120311_2177792775.mp3
↓ Downloading: pitches/Illinois/20251103-092625_2177792775.mp3
  Lead: 41733402 | Campaign: 1028 | 10.6 min
  URL: https://98.126.31.38/RECORDINGS/MP3/20251103-092625_2177792775-all.mp3
  ✓ Saved to: /Users/mosesherrera/Desktop/vicidial-analysis/sales_recordings/pitches/Illinois/20251103-092625_2177792775.mp3

⊘ Already exists: pitches/Kentucky/20251103-074006_5027761188.mp3
⊘ Already exists: pitches/Kentucky/20251103-095412_5027761188.mp3
↓ Downloading: pitches/Kentucky/20251103-094843_5023875617.mp3
  Lead: 42295289 | Campaign: 1030 | 5.7 min
  URL: https://67.198.205.58/RECORDINGS/MP3/20251103-094843_5023875617-all.mp3
  ✓ Saved to: /Users/mosesherrera/Desktop/vicidial-analysis/sales_recordings/pitches/Kentucky/20251103-094843_5023875617.mp3

↓ Downloading: confirmations/Kentucky/20251103-094803_5023875617.mp3
  Lead: 42295289 | Campaign: 1030 | 0.4 min
  URL: https://67.198.205.58/RECORDINGS/MP3/20251103-094803_5023875617-all.mp3
  ✓ Saved to: /Users/mosesherrera/Desktop/vicidial-analysis/sales_recordings/confirmations/Kentucky/20251103-094803_5023875617.mp3

↓ Downloading: pitches/Kentucky/20251103-073001_5023875617.mp3
  Lead: 42295289 | Campaign: 1030 | 16.3 min
  URL: https://67.198.205.58/RECORDINGS/MP3/20251103-073001_5023875617-all.mp3
  ✓ Saved to: /Users/mosesherrera/Desktop/vicidial-analysis/sales_recordings/pitches/Kentucky/20251103-073001_5023875617.mp3

⊘ Already exists: confirmations/Georgia/20251031-164903_2178404051.mp3
⊘ Already exists: confirmations/Georgia/20251031-130919_2178404051.mp3
↓ Downloading: confirmations/Georgia/20251101-050110_2178404051.mp3
  Lead: 41078062 | Campaign: 1027 | 0.6 min
  URL: https://98.126.31.38/RECORDINGS/MP3/20251101-050110_2178404051-all.mp3
  ✓ Saved to: /Users/mosesherrera/Desktop/vicidial-analysis/sales_recordings/confirmations/Georgia/20251101-050110_2178404051.mp3

↓ Downloading: pitches/Georgia/20251031-091405_2178404051.mp3
  Lead: 41078062 | Campaign: 1027 | 13.8 min
  URL: https://67.198.205.58/RECORDINGS/MP3/20251031-091405_2178404051-all.mp3
  ✓ Saved to: /Users/mosesherrera/Desktop/vicidial-analysis/sales_recordings/pitches/Georgia/20251031-091405_2178404051.mp3

⊘ Already exists: confirmations/Georgia/20251031-141345_2178404051.mp3
↓ Downloading: pitches/Georgia/20251030-070755_3144841186.mp3
  Lead: 38870659 | Campaign: 1027 | 5.8 min
  URL: https://98.126.31.38/RECORDINGS/MP3/20251030-070755_3144841186-all.mp3
  ✓ Saved to: /Users/mosesherrera/Desktop/vicidial-analysis/sales_recordings/pitches/Georgia/20251030-070755_3144841186.mp3

⊘ Already exists: confirmations/Georgia/20251030-155400_3144841186.mp3
↓ Downloading: confirmations/Georgia/20251031-002530_3144841186.mp3
  Lead: 38870659 | Campaign: 1027 | 0.6 min
  URL: https://67.198.205.58/RECORDINGS/MP3/20251031-002530_3144841186-all.mp3
  ✓ Saved to: /Users/mosesherrera/Desktop/vicidial-analysis/sales_recordings/confirmations/Georgia/20251031-002530_3144841186.mp3

⊘ Already exists: confirmations/Georgia/20251031-130212_3144841186.mp3
↓ Downloading: pitches/Georgia/20251104-222427_3144841186.mp3
  Lead: 38870659 | Campaign: 1027 | 4.9 min
  URL: https://98.126.31.38/RECORDINGS/MP3/20251104-222427_3144841186-all.mp3
  ✓ Saved to: /Users/mosesherrera/Desktop/vicidial-analysis/sales_recordings/pitches/Georgia/20251104-222427_3144841186.mp3

↓ Downloading: confirmations/Georgia/20251101-042107_3144841186.mp3
  Lead: 38870659 | Campaign: 1027 | 0.5 min
  URL: https://98.126.31.38/RECORDINGS/MP3/20251101-042107_3144841186-all.mp3
  ✓ Saved to: /Users/mosesherrera/Desktop/vicidial-analysis/sales_recordings/confirmations/Georgia/20251101-042107_3144841186.mp3

⊘ Already exists: confirmations/Georgia/20251031-092155_3144841186.mp3
⊘ Already exists: confirmations/Georgia/20251031-141429_3144841186.mp3
↓ Downloading: confirmations/Georgia/20251030-223342_3144841186.mp3
  Lead: 38870659 | Campaign: 1027 | 0.9 min
  URL: https://67.198.205.58/RECORDINGS/MP3/20251030-223342_3144841186-all.mp3
  ✓ Saved to: /Users/mosesherrera/Desktop/vicidial-analysis/sales_recordings/confirmations/Georgia/20251030-223342_3144841186.mp3

↓ Downloading: confirmations/Georgia/20251030-224123_3144841186.mp3
  Lead: 38870659 | Campaign: 1027 | 0.4 min
  URL: https://67.198.205.58/RECORDINGS/MP3/20251030-224123_3144841186-all.mp3
  ✓ Saved to: /Users/mosesherrera/Desktop/vicidial-analysis/sales_recordings/confirmations/Georgia/20251030-224123_3144841186.mp3

↓ Downloading: pitches/Illinois/20251031-232808_3092582821.mp3
  Lead: 40711918 | Campaign: 1028 | 6.1 min
  URL: https://67.198.205.58/RECORDINGS/MP3/20251031-232808_3092582821-all.mp3
  ✓ Saved to: /Users/mosesherrera/Desktop/vicidial-analysis/sales_recordings/pitches/Illinois/20251031-232808_3092582821.mp3

↓ Downloading: confirmations/Illinois/20251031-082528_3092582821.mp3
  Lead: 40711918 | Campaign: 1028 | 2.5 min
  URL: https://67.198.205.58/RECORDINGS/MP3/20251031-082528_3092582821-all.mp3
  ✓ Saved to: /Users/mosesherrera/Desktop/vicidial-analysis/sales_recordings/confirmations/Illinois/20251031-082528_3092582821.mp3

↓ Downloading: pitches/Missouri/20251031-063023_3143237483.mp3
  Lead: 38559425 | Campaign: 1022 | 8.8 min
  URL: https://67.198.205.58/RECORDINGS/MP3/20251031-063023_3143237483-all.mp3
  ✓ Saved to: /Users/mosesherrera/Desktop/vicidial-analysis/sales_recordings/pitches/Missouri/20251031-063023_3143237483.mp3

⊘ Already exists: pitches/Missouri/20251031-084707_3143237483.mp3
↓ Downloading: confirmations/Missouri/20251031-213926_3143237483.mp3
  Lead: 38559425 | Campaign: 1022 | 1.2 min
  URL: https://67.198.205.58/RECORDINGS/MP3/20251031-213926_3143237483-all.mp3
  ✓ Saved to: /Users/mosesherrera/Desktop/vicidial-analysis/sales_recordings/confirmations/Missouri/20251031-213926_3143237483.mp3

↓ Downloading: confirmations/Missouri/20251031-063822_3143237483.mp3
  Lead: 38559425 | Campaign: 1022 | 1.0 min
  URL: https://67.198.205.58/RECORDINGS/MP3/20251031-063822_3143237483-all.mp3
  ✓ Saved to: /Users/mosesherrera/Desktop/vicidial-analysis/sales_recordings/confirmations/Missouri/20251031-063822_3143237483.mp3

⊘ Already exists: pitches/Illinois/20251030-064112_6365751866.mp3
↓ Downloading: confirmations/Illinois/20251031-045148_6365751866.mp3
  Lead: 38852671 | Campaign: 1028 | 0.6 min
  URL: https://98.126.31.38/RECORDINGS/MP3/20251031-045148_6365751866-all.mp3
  ✓ Saved to: /Users/mosesherrera/Desktop/vicidial-analysis/sales_recordings/confirmations/Illinois/20251031-045148_6365751866.mp3

⊘ Already exists: confirmations/Illinois/20251031-090130_6365751866.mp3
⊘ Already exists: confirmations/Missouri/20251029-094249_4044445889.mp3
⊘ Already exists: confirmations/Missouri/20251029-153329_4044445889.mp3
⊘ Already exists: confirmations/Missouri/20251030-113354_4044445889.mp3
⊘ Already exists: confirmations/Missouri/20251029-083148_4044445889.mp3
⊘ Already exists: confirmations/Missouri/20251029-143423_4044445889.mp3
⊘ Already exists: confirmations/Missouri/20251029-090435_4044445889.mp3
⊘ Already exists: confirmations/Missouri/20251030-100616_4044445889.mp3
⊘ Already exists: confirmations/Missouri/20251029-111740_4044445889.mp3
↓ Downloading: confirmations/Missouri/20251031-032547_4044445889.mp3
  Lead: 42513146 | Campaign: 1022 | 0.5 min
  URL: https://98.126.31.38/RECORDINGS/MP3/20251031-032547_4044445889-all.mp3
  ✓ Saved to: /Users/mosesherrera/Desktop/vicidial-analysis/sales_recordings/confirmations/Missouri/20251031-032547_4044445889.mp3

↓ Downloading: pitches/Missouri/20251029-055914_4044445889.mp3
  Lead: 42513146 | Campaign: 1022 | 6.8 min
  URL: https://98.126.31.38/RECORDINGS/MP3/20251029-055914_4044445889-all.mp3
  ✓ Saved to: /Users/mosesherrera/Desktop/vicidial-analysis/sales_recordings/pitches/Missouri/20251029-055914_4044445889.mp3

⊘ Already exists: confirmations/Missouri/20251029-090413_4044445889.mp3
⊘ Already exists: confirmations/Missouri/20251030-083320_4044445889.mp3
↓ Downloading: confirmations/Missouri/20251031-032459_6785203287.mp3
  Lead: 42631056 | Campaign: 1022 | 0.7 min
  URL: https://98.126.31.38/RECORDINGS/MP3/20251031-032459_6785203287-all.mp3
  ✓ Saved to: /Users/mosesherrera/Desktop/vicidial-analysis/sales_recordings/confirmations/Missouri/20251031-032459_6785203287.mp3

⊘ Already exists: confirmations/Missouri/20251029-151614_6785203287.mp3
⊘ Already exists: confirmations/Missouri/20251029-142834_6785203287.mp3
⊘ Already exists: confirmations/Missouri/20251029-083327_6785203287.mp3
⊘ Already exists: confirmations/Missouri/20251029-153250_6785203287.mp3
↓ Downloading: confirmations/Missouri/20251030-083629_6785203287.mp3
  Lead: 42631056 | Campaign: 1022 | 0.4 min
  URL: https://67.198.205.58/RECORDINGS/MP3/20251030-083629_6785203287-all.mp3
  ✓ Saved to: /Users/mosesherrera/Desktop/vicidial-analysis/sales_recordings/confirmations/Missouri/20251030-083629_6785203287.mp3

↓ Downloading: confirmations/Missouri/20251030-083550_6785203287.mp3
  Lead: 42631056 | Campaign: 1022 | 0.5 min
  URL: https://67.198.205.58/RECORDINGS/MP3/20251030-083550_6785203287-all.mp3
  ✓ Saved to: /Users/mosesherrera/Desktop/vicidial-analysis/sales_recordings/confirmations/Missouri/20251030-083550_6785203287.mp3

⊘ Already exists: confirmations/Missouri/20251030-113420_6785203287.mp3
⊘ Already exists: confirmations/Missouri/20251029-143148_6785203287.mp3
↓ Downloading: confirmations/Missouri/20251031-004845_3147243978.mp3
  Lead: 42012789 | Campaign: 1022 | 0.4 min
  URL: https://67.198.205.58/RECORDINGS/MP3/20251031-004845_3147243978-all.mp3
  ✓ Saved to: /Users/mosesherrera/Desktop/vicidial-analysis/sales_recordings/confirmations/Missouri/20251031-004845_3147243978.mp3

↓ Downloading: confirmations/Missouri/20251031-032246_3147243978.mp3
  Lead: 42012789 | Campaign: 1022 | 0.4 min
  URL: https://98.126.31.38/RECORDINGS/MP3/20251031-032246_3147243978-all.mp3
  ✓ Saved to: /Users/mosesherrera/Desktop/vicidial-analysis/sales_recordings/confirmations/Missouri/20251031-032246_3147243978.mp3

↓ Downloading: pitches/Missouri/20251027-124146_3147243978.mp3
  Lead: 42012789 | Campaign: 1022 | 9.4 min
  URL: https://67.198.205.58/RECORDINGS/MP3/20251027-124146_3147243978-all.mp3
  ✓ Saved to: /Users/mosesherrera/Desktop/vicidial-analysis/sales_recordings/pitches/Missouri/20251027-124146_3147243978.mp3

↓ Downloading: pitches/Missouri/20251029-104854_6182357633.mp3
  Lead: 41096695 | Campaign: 1022 | 6.2 min
  URL: https://98.126.31.38/RECORDINGS/MP3/20251029-104854_6182357633-all.mp3
  ✓ Saved to: /Users/mosesherrera/Desktop/vicidial-analysis/sales_recordings/pitches/Missouri/20251029-104854_6182357633.mp3

↓ Downloading: confirmations/Missouri/20251031-031910_6182357633.mp3
  Lead: 41096695 | Campaign: 1022 | 1.3 min
  URL: https://98.126.31.38/RECORDINGS/MP3/20251031-031910_6182357633-all.mp3
  ✓ Saved to: /Users/mosesherrera/Desktop/vicidial-analysis/sales_recordings/confirmations/Missouri/20251031-031910_6182357633.mp3

↓ Downloading: confirmations/Missouri/20251030-015554_6182357633.mp3
  Lead: 41096695 | Campaign: 1022 | 1.1 min
  URL: https://98.126.31.38/RECORDINGS/MP3/20251030-015554_6182357633-all.mp3
  ✓ Saved to: /Users/mosesherrera/Desktop/vicidial-analysis/sales_recordings/confirmations/Missouri/20251030-015554_6182357633.mp3

↓ Downloading: pitches/Missouri/20251030-122825_3144978909.mp3
  Lead: 35935116 | Campaign: 1022 | 7.2 min
  URL: https://98.126.31.38/RECORDINGS/MP3/20251030-122825_3144978909-all.mp3
  ✓ Saved to: /Users/mosesherrera/Desktop/vicidial-analysis/sales_recordings/pitches/Missouri/20251030-122825_3144978909.mp3

↓ Downloading: pitches/Missouri/20251030-100310_3144978909.mp3
  Lead: 35935116 | Campaign: 1022 | 6.4 min
  URL: https://98.126.31.38/RECORDINGS/MP3/20251030-100310_3144978909-all.mp3
  ✓ Saved to: /Users/mosesherrera/Desktop/vicidial-analysis/sales_recordings/pitches/Missouri/20251030-100310_3144978909.mp3

↓ Downloading: confirmations/Missouri/20251031-000017_6367892501.mp3
  Lead: 38771005 | Campaign: 1022 | 0.4 min
  URL: https://67.198.205.58/RECORDINGS/MP3/20251031-000017_6367892501-all.mp3
  ✓ Saved to: /Users/mosesherrera/Desktop/vicidial-analysis/sales_recordings/confirmations/Missouri/20251031-000017_6367892501.mp3

↓ Downloading: confirmations/Missouri/20251030-090001_6367892501.mp3
  Lead: 38771005 | Campaign: 1022 | 0.2 min
  URL: https://67.198.205.58/RECORDINGS/MP3/20251030-090001_6367892501-all.mp3
  ✓ Saved to: /Users/mosesherrera/Desktop/vicidial-analysis/sales_recordings/confirmations/Missouri/20251030-090001_6367892501.mp3

↓ Downloading: confirmations/Missouri/20251030-102705_3144093093.mp3
  Lead: 39722926 | Campaign: 1022 | 0.4 min
  URL: https://67.198.205.58/RECORDINGS/MP3/20251030-102705_3144093093-all.mp3
  ✓ Saved to: /Users/mosesherrera/Desktop/vicidial-analysis/sales_recordings/confirmations/Missouri/20251030-102705_3144093093.mp3

↓ Downloading: confirmations/Missouri/20251030-102628_3144093093.mp3
  Lead: 39722926 | Campaign: 1022 | 0.5 min
  URL: https://67.198.205.58/RECORDINGS/MP3/20251030-102628_3144093093-all.mp3
  ✓ Saved to: /Users/mosesherrera/Desktop/vicidial-analysis/sales_recordings/confirmations/Missouri/20251030-102628_3144093093.mp3

↓ Downloading: pitches/Missouri/20251027-134844_3144093093.mp3
  Lead: 39722926 | Campaign: 1022 | 8.2 min
  URL: https://67.198.205.58/RECORDINGS/MP3/20251027-134844_3144093093-all.mp3
  ✓ Saved to: /Users/mosesherrera/Desktop/vicidial-analysis/sales_recordings/pitches/Missouri/20251027-134844_3144093093.mp3

↓ Downloading: confirmations/Missouri/20251030-120858_3144093093.mp3
  Lead: 39722926 | Campaign: 1022 | 0.7 min
  URL: https://67.198.205.58/RECORDINGS/MP3/20251030-120858_3144093093-all.mp3
  ✓ Saved to: /Users/mosesherrera/Desktop/vicidial-analysis/sales_recordings/confirmations/Missouri/20251030-120858_3144093093.mp3

↓ Downloading: pitches/Missouri/20251027-134223_3144093093.mp3
  Lead: 39722926 | Campaign: 1022 | 6.7 min
  URL: https://98.126.31.38/RECORDINGS/MP3/20251027-134223_3144093093-all.mp3
  ✓ Saved to: /Users/mosesherrera/Desktop/vicidial-analysis/sales_recordings/pitches/Missouri/20251027-134223_3144093093.mp3

↓ Downloading: confirmations/Missouri/20251031-103508_3144093093.mp3
  Lead: 39722926 | Campaign: 1022 | 0.5 min
  URL: https://67.198.205.58/RECORDINGS/MP3/20251031-103508_3144093093-all.mp3
  ✓ Saved to: /Users/mosesherrera/Desktop/vicidial-analysis/sales_recordings/confirmations/Missouri/20251031-103508_3144093093.mp3

↓ Downloading: confirmations/Missouri/20251030-223451_3147649561.mp3
  Lead: 39202567 | Campaign: 1022 | 0.2 min
  URL: https://67.198.205.58/RECORDINGS/MP3/20251030-223451_3147649561-all.mp3
  ✓ Saved to: /Users/mosesherrera/Desktop/vicidial-analysis/sales_recordings/confirmations/Missouri/20251030-223451_3147649561.mp3

↓ Downloading: confirmations/Missouri/20251030-052853_3147649561.mp3
  Lead: 39202567 | Campaign: 1022 | 0.4 min
  URL: https://67.198.205.58/RECORDINGS/MP3/20251030-052853_3147649561-all.mp3
  ✓ Saved to: /Users/mosesherrera/Desktop/vicidial-analysis/sales_recordings/confirmations/Missouri/20251030-052853_3147649561.mp3

⊘ Already exists: pitches/Missouri/20251029-124346_3147649561.mp3
↓ Downloading: confirmations/Missouri/20251030-041759_3147649561.mp3
  Lead: 39202567 | Campaign: 1022 | 0.5 min
  URL: https://98.126.31.38/RECORDINGS/MP3/20251030-041759_3147649561-all.mp3
  ✓ Saved to: /Users/mosesherrera/Desktop/vicidial-analysis/sales_recordings/confirmations/Missouri/20251030-041759_3147649561.mp3

↓ Downloading: confirmations/Missouri/20251030-055208_3147649561.mp3
  Lead: 39202567 | Campaign: 1022 | 0.6 min
  URL: https://67.198.205.58/RECORDINGS/MP3/20251030-055208_3147649561-all.mp3
  ✓ Saved to: /Users/mosesherrera/Desktop/vicidial-analysis/sales_recordings/confirmations/Missouri/20251030-055208_3147649561.mp3

↓ Downloading: confirmations/Missouri/20251104-235015_3147649561.mp3
  Lead: 39202567 | Campaign: 1022 | 0.8 min
  URL: https://98.126.31.38/RECORDINGS/MP3/20251104-235015_3147649561-all.mp3
  ✓ Saved to: /Users/mosesherrera/Desktop/vicidial-analysis/sales_recordings/confirmations/Missouri/20251104-235015_3147649561.mp3

↓ Downloading: confirmations/Missouri/20251029-141124_6367517218.mp3
  Lead: 39173574 | Campaign: 1022 | 1.4 min
  URL: https://98.126.31.38/RECORDINGS/MP3/20251029-141124_6367517218-all.mp3
  ✓ Saved to: /Users/mosesherrera/Desktop/vicidial-analysis/sales_recordings/confirmations/Missouri/20251029-141124_6367517218.mp3

↓ Downloading: confirmations/Missouri/20251029-141116_6367517218.mp3
  Lead: 39173574 | Campaign: 1022 | 0.1 min
  URL: https://67.198.205.58/RECORDINGS/MP3/20251029-141116_6367517218-all.mp3
  ✓ Saved to: /Users/mosesherrera/Desktop/vicidial-analysis/sales_recordings/confirmations/Missouri/20251029-141116_6367517218.mp3

↓ Downloading: pitches/Missouri/20251029-135750_6367517218.mp3
  Lead: 39173574 | Campaign: 1022 | 14.8 min
  URL: https://98.126.31.38/RECORDINGS/MP3/20251029-135750_6367517218-all.mp3
  ✓ Saved to: /Users/mosesherrera/Desktop/vicidial-analysis/sales_recordings/pitches/Missouri/20251029-135750_6367517218.mp3

⊘ Already exists: pitches/Missouri/20251029-161452_6367517218.mp3
⊘ Already exists: pitches/Missouri/20251029-130021_6367519292.mp3
⊘ Already exists: pitches/Missouri/20251029-152336_6367519292.mp3
⊘ Already exists: confirmations/Missouri/20251029-152257_6367519292.mp3
↓ Downloading: confirmations/Missouri/20251030-033541_3147957734.mp3
  Lead: 39156666 | Campaign: 1022 | 0.5 min
  URL: https://98.126.31.38/RECORDINGS/MP3/20251030-033541_3147957734-all.mp3
  ✓ Saved to: /Users/mosesherrera/Desktop/vicidial-analysis/sales_recordings/confirmations/Missouri/20251030-033541_3147957734.mp3

↓ Downloading: pitches/Missouri/20251029-120921_3147957734.mp3
  Lead: 39156666 | Campaign: 1022 | 8.8 min
  URL: https://98.126.31.38/RECORDINGS/MP3/20251029-120921_3147957734-all.mp3
  ✓ Saved to: /Users/mosesherrera/Desktop/vicidial-analysis/sales_recordings/pitches/Missouri/20251029-120921_3147957734.mp3

↓ Downloading: confirmations/Missouri/20251030-035950_3147957734.mp3
  Lead: 39156666 | Campaign: 1022 | 0.5 min
  URL: https://98.126.31.38/RECORDINGS/MP3/20251030-035950_3147957734-all.mp3
  ✓ Saved to: /Users/mosesherrera/Desktop/vicidial-analysis/sales_recordings/confirmations/Missouri/20251030-035950_3147957734.mp3

↓ Downloading: confirmations/Illinois/20251030-002115_6188775262.mp3
  Lead: 41111526 | Campaign: 1028 | 1.1 min
  URL: https://98.126.31.38/RECORDINGS/MP3/20251030-002115_6188775262-all.mp3
  ✓ Saved to: /Users/mosesherrera/Desktop/vicidial-analysis/sales_recordings/confirmations/Illinois/20251030-002115_6188775262.mp3

↓ Downloading: confirmations/Illinois/20251029-092016_6188775262.mp3
  Lead: 41111526 | Campaign: 1028 | 0.7 min
  URL: https://98.126.31.38/RECORDINGS/MP3/20251029-092016_6188775262-all.mp3
  ✓ Saved to: /Users/mosesherrera/Desktop/vicidial-analysis/sales_recordings/confirmations/Illinois/20251029-092016_6188775262.mp3

↓ Downloading: confirmations/Illinois/20251029-081227_6189980294.mp3
  Lead: 40580781 | Campaign: 1028 | 0.2 min
  URL: https://98.126.31.38/RECORDINGS/MP3/20251029-081227_6189980294-all.mp3
  ✓ Saved to: /Users/mosesherrera/Desktop/vicidial-analysis/sales_recordings/confirmations/Illinois/20251029-081227_6189980294.mp3

↓ Downloading: confirmations/Illinois/20251029-231243_6189980294.mp3
  Lead: 40580781 | Campaign: 1028 | 0.5 min
  URL: https://98.126.31.38/RECORDINGS/MP3/20251029-231243_6189980294-all.mp3
  ✓ Saved to: /Users/mosesherrera/Desktop/vicidial-analysis/sales_recordings/confirmations/Illinois/20251029-231243_6189980294.mp3

↓ Downloading: confirmations/Illinois/20251029-040219_3142673018.mp3
  Lead: 39533282 | Campaign: 1028 | 0.2 min
  URL: https://67.198.205.58/RECORDINGS/MP3/20251029-040219_3142673018-all.mp3
  ✓ Saved to: /Users/mosesherrera/Desktop/vicidial-analysis/sales_recordings/confirmations/Illinois/20251029-040219_3142673018.mp3

↓ Downloading: pitches/Illinois/20251028-125334_3142673018.mp3
  Lead: 39533282 | Campaign: 1028 | 4.9 min
  URL: https://67.198.205.58/RECORDINGS/MP3/20251028-125334_3142673018-all.mp3
  ✓ Saved to: /Users/mosesherrera/Desktop/vicidial-analysis/sales_recordings/pitches/Illinois/20251028-125334_3142673018.mp3

↓ Downloading: confirmations/Illinois/20251029-230553_3142673018.mp3
  Lead: 39533282 | Campaign: 1028 | 0.6 min
  URL: https://98.126.31.38/RECORDINGS/MP3/20251029-230553_3142673018-all.mp3
  ✓ Saved to: /Users/mosesherrera/Desktop/vicidial-analysis/sales_recordings/confirmations/Illinois/20251029-230553_3142673018.mp3

↓ Downloading: confirmations/Illinois/20250813-115711_3096975622.mp3
  Lead: 40731826 | Campaign: 1028 | 0.9 min
  URL: http://98.126.31.51/RECORDINGS/MP3/20250813-115711_3096975622-all.mp3
  ✗ Error downloading: HTTPConnectionPool(host='98.126.31.51', port=80): Max retries exceeded with url: /RECORDINGS/MP3/20250813-115711_3096975622-all.mp3 (Caused by ConnectTimeoutError(<urllib3.connection.HTTPConnection object at 0x105c12510>, 'Connection to 98.126.31.51 timed out. (connect timeout=30)'))

↓ Downloading: pitches/Illinois/20251029-074022_3096975622.mp3
  Lead: 40731826 | Campaign: 1028 | 12.1 min
  URL: https://98.126.31.38/RECORDINGS/MP3/20251029-074022_3096975622-all.mp3
  ✓ Saved to: /Users/mosesherrera/Desktop/vicidial-analysis/sales_recordings/pitches/Illinois/20251029-074022_3096975622.mp3

↓ Downloading: pitches/Illinois/20251029-075206_3096975622.mp3
  Lead: 40731826 | Campaign: 1028 | 5.8 min
  URL: https://67.198.205.58/RECORDINGS/MP3/20251029-075206_3096975622-all.mp3
  ✓ Saved to: /Users/mosesherrera/Desktop/vicidial-analysis/sales_recordings/pitches/Illinois/20251029-075206_3096975622.mp3

↓ Downloading: confirmations/Illinois/20251029-100039_3096975622.mp3
  Lead: 40731826 | Campaign: 1028 | 1.6 min
  URL: https://67.198.205.58/RECORDINGS/MP3/20251029-100039_3096975622-all.mp3
  ✓ Saved to: /Users/mosesherrera/Desktop/vicidial-analysis/sales_recordings/confirmations/Illinois/20251029-100039_3096975622.mp3

↓ Downloading: pitches/Illinois/20251029-225342_3092521080.mp3
  Lead: 41298310 | Campaign: 1028 | 4.2 min
  URL: https://98.126.31.38/RECORDINGS/MP3/20251029-225342_3092521080-all.mp3
  ✓ Saved to: /Users/mosesherrera/Desktop/vicidial-analysis/sales_recordings/pitches/Illinois/20251029-225342_3092521080.mp3

↓ Downloading: pitches/Illinois/20251029-074440_3092521080.mp3
  Lead: 41298310 | Campaign: 1028 | 5.2 min
  URL: https://98.126.31.38/RECORDINGS/MP3/20251029-074440_3092521080-all.mp3
  ✓ Saved to: /Users/mosesherrera/Desktop/vicidial-analysis/sales_recordings/pitches/Illinois/20251029-074440_3092521080.mp3

↓ Downloading: pitches/Illinois/20251029-225006_3092521080.mp3
  Lead: 41298310 | Campaign: 1028 | 3.5 min
  URL: https://98.126.31.38/RECORDINGS/MP3/20251029-225006_3092521080-all.mp3
  ✓ Saved to: /Users/mosesherrera/Desktop/vicidial-analysis/sales_recordings/pitches/Illinois/20251029-225006_3092521080.mp3

↓ Downloading: pitches/Unknown/20251105-134219_2176522386.mp3
  Lead: 41371115 | Campaign: LiveXfer | 8.0 min
  URL: https://98.126.31.38/RECORDINGS/MP3/20251105-134219_2176522386-all.mp3
  ✓ Saved to: /Users/mosesherrera/Desktop/vicidial-analysis/sales_recordings/pitches/Unknown/20251105-134219_2176522386.mp3

↓ Downloading: pitches/Unknown/20251105-134936_2176522386.mp3
  Lead: 41371115 | Campaign: LiveXfer | 8.3 min
  URL: https://67.198.205.58/RECORDINGS/MP3/20251105-134936_2176522386-all.mp3
  ✓ Saved to: /Users/mosesherrera/Desktop/vicidial-analysis/sales_recordings/pitches/Unknown/20251105-134936_2176522386.mp3

⊘ Already exists: pitches/Georgia/20251105-133838_7706760095.mp3
⊘ Already exists: pitches/Unknown/20251105-132311_6187716603.mp3
↓ Downloading: pitches/Unknown/20251105-132858_6187716603.mp3
  Lead: 41106503 | Campaign: LiveXfer | 7.7 min
  URL: https://67.198.205.58/RECORDINGS/MP3/20251105-132858_6187716603-all.mp3
  ✓ Saved to: /Users/mosesherrera/Desktop/vicidial-analysis/sales_recordings/pitches/Unknown/20251105-132858_6187716603.mp3

⊘ Already exists: pitches/Illinois/20251105-122559_3095301121.mp3
↓ Downloading: pitches/Illinois/20251105-122134_3197952603.mp3
  Lead: 41436449 | Campaign: IllinoisXfer | 6.0 min
  URL: https://98.126.31.38/RECORDINGS/MP3/20251105-122134_3197952603-all.mp3
  ✓ Saved to: /Users/mosesherrera/Desktop/vicidial-analysis/sales_recordings/pitches/Illinois/20251105-122134_3197952603.mp3

↓ Downloading: pitches/Unknown/20251105-114625_5026003168.mp3
  Lead: 42311519 | Campaign: LiveXfer | 12.8 min
  URL: https://67.198.205.58/RECORDINGS/MP3/20251105-114625_5026003168-all.mp3
  ✓ Saved to: /Users/mosesherrera/Desktop/vicidial-analysis/sales_recordings/pitches/Unknown/20251105-114625_5026003168.mp3

↓ Downloading: pitches/Unknown/20251105-115846_5026003168.mp3
  Lead: 42311519 | Campaign: LiveXfer | 6.2 min
  URL: https://67.198.205.58/RECORDINGS/MP3/20251105-115846_5026003168-all.mp3
  ✓ Saved to: /Users/mosesherrera/Desktop/vicidial-analysis/sales_recordings/pitches/Unknown/20251105-115846_5026003168.mp3

↓ Downloading: pitches/Unknown/20251105-114909_2172424645.mp3
  Lead: 41433950 | Campaign: LiveXfer | 8.5 min
  URL: https://98.126.31.38/RECORDINGS/MP3/20251105-114909_2172424645-all.mp3
  ✓ Saved to: /Users/mosesherrera/Desktop/vicidial-analysis/sales_recordings/pitches/Unknown/20251105-114909_2172424645.mp3

⊘ Already exists: pitches/Unknown/20251105-115703_2172424645.mp3
↓ Downloading: confirmations/Illinois/20251023-144928_2177255462.mp3
  Lead: 41555574 | Campaign: IllinoisXfer | 1.8 min
  URL: https://67.198.205.58/RECORDINGS/MP3/20251023-144928_2177255462-all.mp3
  ✓ Saved to: /Users/mosesherrera/Desktop/vicidial-analysis/sales_recordings/confirmations/Illinois/20251023-144928_2177255462.mp3

⊘ Already exists: confirmations/Illinois/20251105-095052_2177255462.mp3
↓ Downloading: pitches/Kentucky/20251105-092005_5023495200.mp3
  Lead: 42233293 | Campaign: KentuckyXfer | 15.6 min
  URL: https://98.126.31.38/RECORDINGS/MP3/20251105-092005_5023495200-all.mp3
  ✓ Saved to: /Users/mosesherrera/Desktop/vicidial-analysis/sales_recordings/pitches/Kentucky/20251105-092005_5023495200.mp3

↓ Downloading: pitches/Unknown/20251105-081818_6786639252.mp3
  Lead: 40306967 | Campaign: LiveXfer | 7.5 min
  URL: https://67.198.205.58/RECORDINGS/MP3/20251105-081818_6786639252-all.mp3
  ✓ Saved to: /Users/mosesherrera/Desktop/vicidial-analysis/sales_recordings/pitches/Unknown/20251105-081818_6786639252.mp3

↓ Downloading: pitches/Unknown/20251105-082521_6786639252.mp3
  Lead: 40306967 | Campaign: LiveXfer | 4.0 min
  URL: https://98.126.31.38/RECORDINGS/MP3/20251105-082521_6786639252-all.mp3
  ✓ Saved to: /Users/mosesherrera/Desktop/vicidial-analysis/sales_recordings/pitches/Unknown/20251105-082521_6786639252.mp3

↓ Downloading: pitches/Georgia/20251105-082441_6784645095.mp3
  Lead: 40306314 | Campaign: GeorgiaXfer | 7.8 min
  URL: https://67.198.205.58/RECORDINGS/MP3/20251105-082441_6784645095-all.mp3
  ✓ Saved to: /Users/mosesherrera/Desktop/vicidial-analysis/sales_recordings/pitches/Georgia/20251105-082441_6784645095.mp3

⊘ Already exists: pitches/Unknown/20251105-072735_2709321372.mp3
↓ Downloading: pitches/Unknown/20251105-073605_2709321372.mp3
  Lead: 42326941 | Campaign: LiveXfer | 4.7 min
  URL: https://67.198.205.58/RECORDINGS/MP3/20251105-073605_2709321372-all.mp3
  ✓ Saved to: /Users/mosesherrera/Desktop/vicidial-analysis/sales_recordings/pitches/Unknown/20251105-073605_2709321372.mp3

↓ Downloading: pitches/Georgia/20251105-071029_4045518654.mp3
  Lead: 40309327 | Campaign: GeorgiaXfer | 9.6 min
  URL: https://67.198.205.58/RECORDINGS/MP3/20251105-071029_4045518654-all.mp3
  ✓ Saved to: /Users/mosesherrera/Desktop/vicidial-analysis/sales_recordings/pitches/Georgia/20251105-071029_4045518654.mp3

⊘ Already exists: confirmations/Georgia/20251105-094158_4045518654.mp3
⊘ Already exists: confirmations/Georgia/20251105-101821_4045518654.mp3
⊘ Already exists: confirmations/Georgia/20251105-130042_4045518654.mp3
⊘ Already exists: confirmations/Georgia/20251105-152810_4045518654.mp3
⊘ Already exists: pitches/Georgia/20251105-065821_4044551996.mp3
↓ Downloading: pitches/Unknown/20251105-062013_4043211829.mp3
  Lead: 42443789 | Campaign: LiveXfer | 24.4 min
  URL: https://98.126.31.38/RECORDINGS/MP3/20251105-062013_4043211829-all.mp3
  ✓ Saved to: /Users/mosesherrera/Desktop/vicidial-analysis/sales_recordings/pitches/Unknown/20251105-062013_4043211829.mp3

↓ Downloading: pitches/Unknown/20251105-064410_4043211829.mp3
  Lead: 42443789 | Campaign: LiveXfer | 7.6 min
  URL: https://98.126.31.38/RECORDINGS/MP3/20251105-064410_4043211829-all.mp3
  ✓ Saved to: /Users/mosesherrera/Desktop/vicidial-analysis/sales_recordings/pitches/Unknown/20251105-064410_4043211829.mp3

⊘ Already exists: pitches/Unknown/20251105-061239_5027745646.mp3
⊘ Already exists: pitches/Unknown/20251105-062014_5027745646.mp3
↓ Downloading: pitches/Kentucky/20251105-061237_5023685449.mp3
  Lead: 42268055 | Campaign: KentuckyXfer | 12.3 min
  URL: https://98.126.31.38/RECORDINGS/MP3/20251105-061237_5023685449-all.mp3
  ✓ Saved to: /Users/mosesherrera/Desktop/vicidial-analysis/sales_recordings/pitches/Kentucky/20251105-061237_5023685449.mp3

⊘ Already exists: pitches/Unknown/20251105-055822_4046952212.mp3
↓ Downloading: pitches/Unknown/20251105-060425_4046952212.mp3
  Lead: 42509895 | Campaign: LiveXfer | 4.0 min
  URL: https://67.198.205.58/RECORDINGS/MP3/20251105-060425_4046952212-all.mp3
  ✓ Saved to: /Users/mosesherrera/Desktop/vicidial-analysis/sales_recordings/pitches/Unknown/20251105-060425_4046952212.mp3

↓ Downloading: pitches/Kentucky/20251105-055407_5025510423.mp3
  Lead: 42276936 | Campaign: KentuckyXfer | 12.7 min
  URL: https://98.126.31.38/RECORDINGS/MP3/20251105-055407_5025510423-all.mp3
  ✓ Saved to: /Users/mosesherrera/Desktop/vicidial-analysis/sales_recordings/pitches/Kentucky/20251105-055407_5025510423.mp3

↓ Downloading: pitches/Unknown/20251009-100933_6784814234.mp3
  Lead: 42523119 | Campaign: LiveXfer | 4.3 min
  URL: https://98.126.31.83/RECORDINGS/MP3/20251009-100933_6784814234-all.mp3
  ✗ Error downloading: HTTPSConnectionPool(host='98.126.31.83', port=443): Max retries exceeded with url: /RECORDINGS/MP3/20251009-100933_6784814234-all.mp3 (Caused by ConnectTimeoutError(<urllib3.connection.HTTPSConnection object at 0x105bd2850>, 'Connection to 98.126.31.83 timed out. (connect timeout=30)'))

↓ Downloading: pitches/Unknown/20251105-053157_6784814234.mp3
  Lead: 42523119 | Campaign: LiveXfer | 7.9 min
  URL: https://67.198.205.58/RECORDINGS/MP3/20251105-053157_6784814234-all.mp3
  ✓ Saved to: /Users/mosesherrera/Desktop/vicidial-analysis/sales_recordings/pitches/Unknown/20251105-053157_6784814234.mp3

↓ Downloading: pitches/Unknown/20251105-053926_6784814234.mp3
  Lead: 42523119 | Campaign: LiveXfer | 4.7 min
  URL: https://98.126.31.38/RECORDINGS/MP3/20251105-053926_6784814234-all.mp3
  ✓ Saved to: /Users/mosesherrera/Desktop/vicidial-analysis/sales_recordings/pitches/Unknown/20251105-053926_6784814234.mp3

⊘ Already exists: pitches/Unknown/20251104-143534_2176912468.mp3
↓ Downloading: pitches/Unknown/20251104-144423_2176912468.mp3
  Lead: 41553737 | Campaign: LiveXfer | 12.4 min
  URL: https://98.126.31.38/RECORDINGS/MP3/20251104-144423_2176912468-all.mp3
  ✓ Saved to: /Users/mosesherrera/Desktop/vicidial-analysis/sales_recordings/pitches/Unknown/20251104-144423_2176912468.mp3

↓ Downloading: pitches/Illinois/20251104-135759_3093375674.mp3
  Lead: 41485011 | Campaign: IllinoisXfer | 4.5 min
  URL: https://67.198.205.58/RECORDINGS/MP3/20251104-135759_3093375674-all.mp3
  ✓ Saved to: /Users/mosesherrera/Desktop/vicidial-analysis/sales_recordings/pitches/Illinois/20251104-135759_3093375674.mp3

↓ Downloading: pitches/Unknown/20251104-135012_3098462698.mp3
  Lead: 41495997 | Campaign: LiveXfer | 7.7 min
  URL: https://67.198.205.58/RECORDINGS/MP3/20251104-135012_3098462698-all.mp3
  ✓ Saved to: /Users/mosesherrera/Desktop/vicidial-analysis/sales_recordings/pitches/Unknown/20251104-135012_3098462698.mp3

↓ Downloading: pitches/Unknown/20251104-135730_3098462698.mp3
  Lead: 41495997 | Campaign: LiveXfer | 4.1 min
  URL: https://98.126.31.38/RECORDINGS/MP3/20251104-135730_3098462698-all.mp3
  ✓ Saved to: /Users/mosesherrera/Desktop/vicidial-analysis/sales_recordings/pitches/Unknown/20251104-135730_3098462698.mp3

↓ Downloading: pitches/Illinois/20251104-132430_6184457652.mp3
  Lead: 41558962 | Campaign: IllinoisXfer | 8.9 min
  URL: https://67.198.205.58/RECORDINGS/MP3/20251104-132430_6184457652-all.mp3
  ✓ Saved to: /Users/mosesherrera/Desktop/vicidial-analysis/sales_recordings/pitches/Illinois/20251104-132430_6184457652.mp3

⊘ Already exists: pitches/Georgia/20251104-131306_4042908589.mp3
↓ Downloading: pitches/Georgia/20251104-125303_6087709799.mp3
  Lead: 42588346 | Campaign: GeorgiaXfer | 13.4 min
  URL: https://98.126.31.38/RECORDINGS/MP3/20251104-125303_6087709799-all.mp3
  ✓ Saved to: /Users/mosesherrera/Desktop/vicidial-analysis/sales_recordings/pitches/Georgia/20251104-125303_6087709799.mp3

⊘ Already exists: pitches/Unknown/20251104-122850_3038861643.mp3
⊘ Already exists: pitches/Unknown/20251104-115658_8595164155.mp3
↓ Downloading: pitches/Unknown/20251104-120253_8595164155.mp3
  Lead: 42250722 | Campaign: LiveXfer | 10.3 min
  URL: https://98.126.31.38/RECORDINGS/MP3/20251104-120253_8595164155-all.mp3
  ✓ Saved to: /Users/mosesherrera/Desktop/vicidial-analysis/sales_recordings/pitches/Unknown/20251104-120253_8595164155.mp3

↓ Downloading: confirmations/Unknown/20250321-120945_3145206499.mp3
  Lead: 39139176 | Campaign: LiveXfer | 2.7 min
  URL: https://174.139.239.9/RECORDINGS/MP3/20250321-120945_3145206499-all.mp3
  ✗ Error downloading: HTTPSConnectionPool(host='174.139.239.9', port=443): Max retries exceeded with url: /RECORDINGS/MP3/20250321-120945_3145206499-all.mp3 (Caused by ConnectTimeoutError(<urllib3.connection.HTTPSConnection object at 0x105bd3610>, 'Connection to 174.139.239.9 timed out. (connect timeout=30)'))

↓ Downloading: pitches/Unknown/20250522-093942_3145206499.mp3
  Lead: 39139176 | Campaign: LiveXfer | 11.4 min
  URL: http://98.126.31.51/RECORDINGS/MP3/20250522-093942_3145206499-all.mp3
  ✗ Error downloading: HTTPConnectionPool(host='98.126.31.51', port=80): Max retries exceeded with url: /RECORDINGS/MP3/20250522-093942_3145206499-all.mp3 (Caused by ConnectTimeoutError(<urllib3.connection.HTTPConnection object at 0x105bd3110>, 'Connection to 98.126.31.51 timed out. (connect timeout=30)'))

↓ Downloading: pitches/Unknown/20250522-142419_3145206499.mp3
  Lead: 39139176 | Campaign: LiveXfer | 4.2 min
  URL: http://98.126.31.51/RECORDINGS/MP3/20250522-142419_3145206499-all.mp3
  ✗ Error downloading: HTTPConnectionPool(host='98.126.31.51', port=80): Max retries exceeded with url: /RECORDINGS/MP3/20250522-142419_3145206499-all.mp3 (Caused by ConnectTimeoutError(<urllib3.connection.HTTPConnection object at 0x105bd2710>, 'Connection to 98.126.31.51 timed out. (connect timeout=30)'))

↓ Downloading: confirmations/Unknown/20250524-111256_3145206499.mp3
  Lead: 39139176 | Campaign: LiveXfer | 0.5 min
  URL: https://98.126.31.83/RECORDINGS/MP3/20250524-111256_3145206499-all.mp3
  ✗ Error downloading: HTTPSConnectionPool(host='98.126.31.83', port=443): Max retries exceeded with url: /RECORDINGS/MP3/20250524-111256_3145206499-all.mp3 (Caused by ConnectTimeoutError(<urllib3.connection.HTTPSConnection object at 0x105bd25d0>, 'Connection to 98.126.31.83 timed out. (connect timeout=30)'))

↓ Downloading: confirmations/Unknown/20250524-113246_3145206499.mp3
  Lead: 39139176 | Campaign: LiveXfer | 0.2 min
  URL: https://98.126.31.83/RECORDINGS/MP3/20250524-113246_3145206499-all.mp3
  ✗ Error downloading: HTTPSConnectionPool(host='98.126.31.83', port=443): Max retries exceeded with url: /RECORDINGS/MP3/20250524-113246_3145206499-all.mp3 (Caused by ConnectTimeoutError(<urllib3.connection.HTTPSConnection object at 0x105bd2ad0>, 'Connection to 98.126.31.83 timed out. (connect timeout=30)'))

↓ Downloading: confirmations/Unknown/20250524-125024_3145206499.mp3
  Lead: 39139176 | Campaign: LiveXfer | 0.1 min
  URL: https://98.126.31.83/RECORDINGS/MP3/20250524-125024_3145206499-all.mp3
  ✗ Error downloading: HTTPSConnectionPool(host='98.126.31.83', port=443): Max retries exceeded with url: /RECORDINGS/MP3/20250524-125024_3145206499-all.mp3 (Caused by ConnectTimeoutError(<urllib3.connection.HTTPSConnection object at 0x105bd2990>, 'Connection to 98.126.31.83 timed out. (connect timeout=30)'))

↓ Downloading: confirmations/Unknown/20250524-133931_3145206499.mp3
  Lead: 39139176 | Campaign: LiveXfer | 0.1 min
  URL: https://98.126.31.83/RECORDINGS/MP3/20250524-133931_3145206499-all.mp3
  ✗ Error downloading: HTTPSConnectionPool(host='98.126.31.83', port=443): Max retries exceeded with url: /RECORDINGS/MP3/20250524-133931_3145206499-all.mp3 (Caused by ConnectTimeoutError(<urllib3.connection.HTTPSConnection object at 0x105bd34d0>, 'Connection to 98.126.31.83 timed out. (connect timeout=30)'))

↓ Downloading: confirmations/Unknown/20250724-091004_3145206499.mp3
  Lead: 39139176 | Campaign: LiveXfer | 2.4 min
  URL: https://98.126.31.83/RECORDINGS/MP3/20250724-091004_3145206499-all.mp3
  ✗ Error downloading: HTTPSConnectionPool(host='98.126.31.83', port=443): Max retries exceeded with url: /RECORDINGS/MP3/20250724-091004_3145206499-all.mp3 (Caused by ConnectTimeoutError(<urllib3.connection.HTTPSConnection object at 0x105bd3890>, 'Connection to 98.126.31.83 timed out. (connect timeout=30)'))

↓ Downloading: pitches/Unknown/20251104-111734_3145206499.mp3
  Lead: 39139176 | Campaign: LiveXfer | 6.5 min
  URL: https://98.126.31.38/RECORDINGS/MP3/20251104-111734_3145206499-all.mp3
  ✓ Saved to: /Users/mosesherrera/Desktop/vicidial-analysis/sales_recordings/pitches/Unknown/20251104-111734_3145206499.mp3

↓ Downloading: pitches/Unknown/20251104-112338_3145206499.mp3
  Lead: 39139176 | Campaign: LiveXfer | 6.1 min
  URL: https://98.126.31.38/RECORDINGS/MP3/20251104-112338_3145206499-all.mp3
  ✓ Saved to: /Users/mosesherrera/Desktop/vicidial-analysis/sales_recordings/pitches/Unknown/20251104-112338_3145206499.mp3

↓ Downloading: pitches/Unknown/20251104-093150_3038073427.mp3
  Lead: 37952783 | Campaign: ColumbusCallback | 16.9 min
  URL: https://67.198.205.58/RECORDINGS/MP3/20251104-093150_3038073427-all.mp3
  ✓ Saved to: /Users/mosesherrera/Desktop/vicidial-analysis/sales_recordings/pitches/Unknown/20251104-093150_3038073427.mp3

↓ Downloading: pitches/Unknown/20251104-094817_3038073427.mp3
  Lead: 37952783 | Campaign: ColumbusCallback | 4.2 min
  URL: https://98.126.31.38/RECORDINGS/MP3/20251104-094817_3038073427-all.mp3
  ✓ Saved to: /Users/mosesherrera/Desktop/vicidial-analysis/sales_recordings/pitches/Unknown/20251104-094817_3038073427.mp3

↓ Downloading: confirmations/Unknown/20251104-095645_3038073427.mp3
  Lead: 37952783 | Campaign: ColumbusCallback | 1.4 min
  URL: https://98.126.31.38/RECORDINGS/MP3/20251104-095645_3038073427-all.mp3
  ✓ Saved to: /Users/mosesherrera/Desktop/vicidial-analysis/sales_recordings/confirmations/Unknown/20251104-095645_3038073427.mp3

↓ Downloading: confirmations/Unknown/20251104-095851_3038073427.mp3
  Lead: 37952783 | Campaign: ColumbusCallback | 0.6 min
  URL: https://98.126.31.38/RECORDINGS/MP3/20251104-095851_3038073427-all.mp3
  ✓ Saved to: /Users/mosesherrera/Desktop/vicidial-analysis/sales_recordings/confirmations/Unknown/20251104-095851_3038073427.mp3

↓ Downloading: pitches/Unknown/20251104-093617_3038177559.mp3
  Lead: 39339283 | Campaign: ColumbusCallback | 17.1 min
  URL: https://67.198.205.58/RECORDINGS/MP3/20251104-093617_3038177559-all.mp3
  ✓ Saved to: /Users/mosesherrera/Desktop/vicidial-analysis/sales_recordings/pitches/Unknown/20251104-093617_3038177559.mp3

↓ Downloading: pitches/Illinois/20251104-090727_5023301854.mp3
  Lead: 42315873 | Campaign: IllinoisXferFailover | 9.4 min
  URL: https://98.126.31.38/RECORDINGS/MP3/20251104-090727_5023301854-all.mp3
  ✓ Saved to: /Users/mosesherrera/Desktop/vicidial-analysis/sales_recordings/pitches/Illinois/20251104-090727_5023301854.mp3

↓ Downloading: pitches/Unknown/20251104-083151_6784643908.mp3
  Lead: 42937026 | Campaign: LiveXfer | 9.9 min
  URL: https://67.198.205.58/RECORDINGS/MP3/20251104-083151_6784643908-all.mp3
  ✓ Saved to: /Users/mosesherrera/Desktop/vicidial-analysis/sales_recordings/pitches/Unknown/20251104-083151_6784643908.mp3

↓ Downloading: pitches/Unknown/20251104-084116_6784643908.mp3
  Lead: 42937026 | Campaign: LiveXfer | 6.1 min
  URL: https://67.198.205.58/RECORDINGS/MP3/20251104-084116_6784643908-all.mp3
  ✓ Saved to: /Users/mosesherrera/Desktop/vicidial-analysis/sales_recordings/pitches/Unknown/20251104-084116_6784643908.mp3

⊘ Already exists: pitches/Georgia/20251104-082230_9178650153.mp3
↓ Downloading: pitches/Unknown/20251104-081114_7706334754.mp3
  Lead: 42904098 | Campaign: LiveXfer | 9.8 min
  URL: https://98.126.31.38/RECORDINGS/MP3/20251104-081114_7706334754-all.mp3
  ✓ Saved to: /Users/mosesherrera/Desktop/vicidial-analysis/sales_recordings/pitches/Unknown/20251104-081114_7706334754.mp3

↓ Downloading: pitches/Unknown/20251104-082029_7706334754.mp3
  Lead: 42904098 | Campaign: LiveXfer | 4.2 min
  URL: https://67.198.205.58/RECORDINGS/MP3/20251104-082029_7706334754-all.mp3
  ✓ Saved to: /Users/mosesherrera/Desktop/vicidial-analysis/sales_recordings/pitches/Unknown/20251104-082029_7706334754.mp3

⊘ Already exists: pitches/Georgia/20251104-072408_4048242758.mp3
↓ Downloading: pitches/Unknown/20251104-071144_2706343327.mp3
  Lead: 42318736 | Campaign: LiveXfer | 12.6 min
  URL: https://67.198.205.58/RECORDINGS/MP3/20251104-071144_2706343327-all.mp3
  ✓ Saved to: /Users/mosesherrera/Desktop/vicidial-analysis/sales_recordings/pitches/Unknown/20251104-071144_2706343327.mp3

↓ Downloading: pitches/Unknown/20251104-072334_2706343327.mp3
  Lead: 42318736 | Campaign: LiveXfer | 4.2 min
  URL: https://67.198.205.58/RECORDINGS/MP3/20251104-072334_2706343327-all.mp3
  ✓ Saved to: /Users/mosesherrera/Desktop/vicidial-analysis/sales_recordings/pitches/Unknown/20251104-072334_2706343327.mp3

⊘ Already exists: pitches/Unknown/20251104-064908_6786422927.mp3
↓ Downloading: pitches/Unknown/20251104-065649_6786422927.mp3
  Lead: 42925836 | Campaign: LiveXfer | 6.1 min
  URL: https://67.198.205.58/RECORDINGS/MP3/20251104-065649_6786422927-all.mp3
  ✓ Saved to: /Users/mosesherrera/Desktop/vicidial-analysis/sales_recordings/pitches/Unknown/20251104-065649_6786422927.mp3

↓ Downloading: pitches/Unknown/20251104-061122_7703146183.mp3
  Lead: 42920645 | Campaign: LiveXfer | 18.8 min
  URL: https://98.126.31.38/RECORDINGS/MP3/20251104-061122_7703146183-all.mp3
  ✓ Saved to: /Users/mosesherrera/Desktop/vicidial-analysis/sales_recordings/pitches/Unknown/20251104-061122_7703146183.mp3

⊘ Already exists: pitches/Unknown/20251104-062947_7703146183.mp3
↓ Downloading: pitches/Kentucky/20251104-062106_5025537683.mp3
  Lead: 42237483 | Campaign: KentuckyXfer | 11.2 min
  URL: https://67.198.205.58/RECORDINGS/MP3/20251104-062106_5025537683-all.mp3
  ✓ Saved to: /Users/mosesherrera/Desktop/vicidial-analysis/sales_recordings/pitches/Kentucky/20251104-062106_5025537683.mp3

↓ Downloading: pitches/Unknown/20251104-060643_6142057608.mp3
  Lead: 42948502 | Campaign: LiveXfer | 12.2 min
  URL: https://67.198.205.58/RECORDINGS/MP3/20251104-060643_6142057608-all.mp3
  ✓ Saved to: /Users/mosesherrera/Desktop/vicidial-analysis/sales_recordings/pitches/Unknown/20251104-060643_6142057608.mp3

↓ Downloading: pitches/Unknown/20251104-061823_6142057608.mp3
  Lead: 42948502 | Campaign: LiveXfer | 4.7 min
  URL: https://98.126.31.38/RECORDINGS/MP3/20251104-061823_6142057608-all.mp3
  ✓ Saved to: /Users/mosesherrera/Desktop/vicidial-analysis/sales_recordings/pitches/Unknown/20251104-061823_6142057608.mp3

⊘ Already exists: pitches/Georgia/20251104-061713_4042597958.mp3
⊘ Already exists: pitches/Georgia/20251103-134520_8013690188.mp3
⊘ Already exists: pitches/Georgia/20251103-133342_7708838559.mp3
↓ Downloading: pitches/Georgia/20251103-125710_6787773690.mp3
  Lead: 42942634 | Campaign: GeorgiaXfer | 12.4 min
  URL: https://98.126.31.38/RECORDINGS/MP3/20251103-125710_6787773690-all.mp3
  ✓ Saved to: /Users/mosesherrera/Desktop/vicidial-analysis/sales_recordings/pitches/Georgia/20251103-125710_6787773690.mp3

⊘ Already exists: confirmations/Georgia/20251103-151228_6787773690.mp3
↓ Downloading: confirmations/Georgia/20251104-104549_6787773690.mp3
  Lead: 42942634 | Campaign: GeorgiaXfer | 2.6 min
  URL: https://67.198.205.58/RECORDINGS/MP3/20251104-104549_6787773690-all.mp3
  ✓ Saved to: /Users/mosesherrera/Desktop/vicidial-analysis/sales_recordings/confirmations/Georgia/20251104-104549_6787773690.mp3

⊘ Already exists: pitches/Georgia/20251104-095908_6787773690.mp3
⊘ Already exists: pitches/Unknown/20251103-121343_3033798636.mp3
⊘ Already exists: pitches/Unknown/20251103-142432_5028738825.mp3
⊘ Already exists: pitches/Unknown/20251103-122731_3033798636.mp3
↓ Downloading: pitches/Unknown/20251103-120315_6145993241.mp3
  Lead: 42815547 | Campaign: LiveXfer | 12.7 min
  URL: https://98.126.31.38/RECORDINGS/MP3/20251103-120315_6145993241-all.mp3
  ✓ Saved to: /Users/mosesherrera/Desktop/vicidial-analysis/sales_recordings/pitches/Unknown/20251103-120315_6145993241.mp3

⊘ Already exists: pitches/Unknown/20251103-121531_6145993241.mp3
⊘ Already exists: pitches/Unknown/20251103-115846_7205608028.mp3
⊘ Already exists: pitches/Unknown/20251103-120548_7205608028.mp3
⊘ Already exists: pitches/Unknown/20251103-111944_7208378824.mp3
⊘ Already exists: pitches/Unknown/20251103-112707_7208378824.mp3
⊘ Already exists: pitches/Illinois/20251103-094328_2177371880.mp3
⊘ Already exists: pitches/Illinois/20251103-120822_2177371880.mp3
↓ Downloading: pitches/Illinois/20251103-085136_3197501706.mp3
  Lead: 41680034 | Campaign: IllinoisXfer | 16.4 min
  URL: https://67.198.205.58/RECORDINGS/MP3/20251103-085136_3197501706-all.mp3
  ✓ Saved to: /Users/mosesherrera/Desktop/vicidial-analysis/sales_recordings/pitches/Illinois/20251103-085136_3197501706.mp3

⊘ Already exists: pitches/Kentucky/20251103-073728_5022643488.mp3
↓ Downloading: pitches/Unknown/20251103-073323_8594943433.mp3
  Lead: 42631059 | Campaign: ColumbusCallback | 13.4 min
  URL: https://67.198.205.58/RECORDINGS/MP3/20251103-073323_8594943433-all.mp3
  ✓ Saved to: /Users/mosesherrera/Desktop/vicidial-analysis/sales_recordings/pitches/Unknown/20251103-073323_8594943433.mp3

↓ Downloading: pitches/Unknown/20251103-071243_5024487211.mp3
  Lead: 42299092 | Campaign: LiveXfer | 7.0 min
  URL: https://98.126.31.38/RECORDINGS/MP3/20251103-071243_5024487211-all.mp3
  ✓ Saved to: /Users/mosesherrera/Desktop/vicidial-analysis/sales_recordings/pitches/Unknown/20251103-071243_5024487211.mp3

↓ Downloading: pitches/Unknown/20251103-071910_5024487211.mp3
  Lead: 42299092 | Campaign: LiveXfer | 4.2 min
  URL: https://67.198.205.58/RECORDINGS/MP3/20251103-071910_5024487211-all.mp3
  ✓ Saved to: /Users/mosesherrera/Desktop/vicidial-analysis/sales_recordings/pitches/Unknown/20251103-071910_5024487211.mp3

⊘ Already exists: pitches/Kentucky/20251103-071455_5028364769.mp3
↓ Downloading: pitches/Unknown/20251103-065325_5022390384.mp3
  Lead: 42252626 | Campaign: LiveXfer | 7.1 min
  URL: https://98.126.31.38/RECORDINGS/MP3/20251103-065325_5022390384-all.mp3
  ✓ Saved to: /Users/mosesherrera/Desktop/vicidial-analysis/sales_recordings/pitches/Unknown/20251103-065325_5022390384.mp3

↓ Downloading: pitches/Unknown/20251103-070004_5022390384.mp3
  Lead: 42252626 | Campaign: LiveXfer | 3.5 min
  URL: https://67.198.205.58/RECORDINGS/MP3/20251103-070004_5022390384-all.mp3
  ✓ Saved to: /Users/mosesherrera/Desktop/vicidial-analysis/sales_recordings/pitches/Unknown/20251103-070004_5022390384.mp3

⊘ Already exists: pitches/Kentucky/20251103-065604_5025925420.mp3
↓ Downloading: pitches/Unknown/20251103-063442_2702180583.mp3
  Lead: 42329709 | Campaign: LiveXfer | 15.5 min
  URL: https://67.198.205.58/RECORDINGS/MP3/20251103-063442_2702180583-all.mp3
  ✓ Saved to: /Users/mosesherrera/Desktop/vicidial-analysis/sales_recordings/pitches/Unknown/20251103-063442_2702180583.mp3

↓ Downloading: pitches/Unknown/20251103-064939_2702180583.mp3
  Lead: 42329709 | Campaign: LiveXfer | 6.9 min
  URL: https://67.198.205.58/RECORDINGS/MP3/20251103-064939_2702180583-all.mp3
  ✓ Saved to: /Users/mosesherrera/Desktop/vicidial-analysis/sales_recordings/pitches/Unknown/20251103-064939_2702180583.mp3

↓ Downloading: pitches/Unknown/20251103-061849_5024399139.mp3
  Lead: 42298456 | Campaign: LiveXfer | 7.7 min
  URL: https://67.198.205.58/RECORDINGS/MP3/20251103-061849_5024399139-all.mp3
  ✓ Saved to: /Users/mosesherrera/Desktop/vicidial-analysis/sales_recordings/pitches/Unknown/20251103-061849_5024399139.mp3

⊘ Already exists: pitches/Unknown/20251103-062609_5024399139.mp3
⊘ Already exists: confirmations/Kentucky/20251103-062527_3184198507.mp3
↓ Downloading: pitches/Unknown/20251103-061257_5024198326.mp3
  Lead: 42279295 | Campaign: LiveXfer | 8.0 min
  URL: https://98.126.31.38/RECORDINGS/MP3/20251103-061257_5024198326-all.mp3
  ✓ Saved to: /Users/mosesherrera/Desktop/vicidial-analysis/sales_recordings/pitches/Unknown/20251103-061257_5024198326.mp3

⊘ Already exists: pitches/Unknown/20251103-062024_5024198326.mp3
↓ Downloading: pitches/Kentucky/20251103-060911_5026391117.mp3
  Lead: 42300185 | Campaign: KentuckyXfer | 17.1 min
  URL: https://67.198.205.58/RECORDINGS/MP3/20251103-060911_5026391117-all.mp3
  ✓ Saved to: /Users/mosesherrera/Desktop/vicidial-analysis/sales_recordings/pitches/Kentucky/20251103-060911_5026391117.mp3

↓ Downloading: confirmations/Kentucky/20251103-111143_5026391117.mp3
  Lead: 42300185 | Campaign: KentuckyXfer | 0.1 min
  URL: https://67.198.205.58/RECORDINGS/MP3/20251103-111143_5026391117-all.mp3
  ✓ Saved to: /Users/mosesherrera/Desktop/vicidial-analysis/sales_recordings/confirmations/Kentucky/20251103-111143_5026391117.mp3

↓ Downloading: confirmations/Kentucky/20251103-111216_5026391117.mp3
  Lead: 42300185 | Campaign: KentuckyXfer | 0.7 min
  URL: https://67.198.205.58/RECORDINGS/MP3/20251103-111216_5026391117-all.mp3
  ✓ Saved to: /Users/mosesherrera/Desktop/vicidial-analysis/sales_recordings/confirmations/Kentucky/20251103-111216_5026391117.mp3

⊘ Already exists: pitches/Unknown/20251101-091059_6187794019.mp3
↓ Downloading: pitches/Unknown/20251101-091726_6187794019.mp3
  Lead: 41021088 | Campaign: LiveXfer | 7.4 min
  URL: https://98.126.31.38/RECORDINGS/MP3/20251101-091726_6187794019-all.mp3
  ✓ Saved to: /Users/mosesherrera/Desktop/vicidial-analysis/sales_recordings/pitches/Unknown/20251101-091726_6187794019.mp3

↓ Downloading: pitches/Unknown/20251101-071519_2173066929.mp3
  Lead: 40753894 | Campaign: LiveXfer | 6.5 min
  URL: https://67.198.205.58/RECORDINGS/MP3/20251101-071519_2173066929-all.mp3
  ✓ Saved to: /Users/mosesherrera/Desktop/vicidial-analysis/sales_recordings/pitches/Unknown/20251101-071519_2173066929.mp3

↓ Downloading: pitches/Unknown/20251101-072123_2173066929.mp3
  Lead: 40753894 | Campaign: LiveXfer | 3.1 min
  URL: https://98.126.31.38/RECORDINGS/MP3/20251101-072123_2173066929-all.mp3
  ✓ Saved to: /Users/mosesherrera/Desktop/vicidial-analysis/sales_recordings/pitches/Unknown/20251101-072123_2173066929.mp3

↓ Downloading: pitches/Unknown/20251031-143908_4049758312.mp3
  Lead: 40285934 | Campaign: LiveXfer | 10.0 min
  URL: https://67.198.205.58/RECORDINGS/MP3/20251031-143908_4049758312-all.mp3
  ✓ Saved to: /Users/mosesherrera/Desktop/vicidial-analysis/sales_recordings/pitches/Unknown/20251031-143908_4049758312.mp3

↓ Downloading: pitches/Unknown/20251031-144830_4049758312.mp3
  Lead: 40285934 | Campaign: LiveXfer | 3.9 min
  URL: https://98.126.31.38/RECORDINGS/MP3/20251031-144830_4049758312-all.mp3
  ✓ Saved to: /Users/mosesherrera/Desktop/vicidial-analysis/sales_recordings/pitches/Unknown/20251031-144830_4049758312.mp3

↓ Downloading: pitches/Georgia/20251031-140900_7736717064.mp3
  Lead: 41953270 | Campaign: GeorgiaXfer | 6.8 min
  URL: https://98.126.31.38/RECORDINGS/MP3/20251031-140900_7736717064-all.mp3
  ✓ Saved to: /Users/mosesherrera/Desktop/vicidial-analysis/sales_recordings/pitches/Georgia/20251031-140900_7736717064.mp3

↓ Downloading: pitches/Unknown/20251031-132049_6787949174.mp3
  Lead: 41954372 | Campaign: LiveXfer | 9.3 min
  URL: https://67.198.205.58/RECORDINGS/MP3/20251031-132049_6787949174-all.mp3
  ✓ Saved to: /Users/mosesherrera/Desktop/vicidial-analysis/sales_recordings/pitches/Unknown/20251031-132049_6787949174.mp3

↓ Downloading: pitches/Unknown/20251031-132934_6787949174.mp3
  Lead: 41954372 | Campaign: LiveXfer | 6.1 min
  URL: https://98.126.31.38/RECORDINGS/MP3/20251031-132934_6787949174-all.mp3
  ✓ Saved to: /Users/mosesherrera/Desktop/vicidial-analysis/sales_recordings/pitches/Unknown/20251031-132934_6787949174.mp3

↓ Downloading: pitches/Unknown/20251031-124840_2172348179.mp3
  Lead: 40590279 | Campaign: LiveXfer | 14.6 min
  URL: https://67.198.205.58/RECORDINGS/MP3/20251031-124840_2172348179-all.mp3
  ✓ Saved to: /Users/mosesherrera/Desktop/vicidial-analysis/sales_recordings/pitches/Unknown/20251031-124840_2172348179.mp3

↓ Downloading: pitches/Unknown/20251031-130243_2172348179.mp3
  Lead: 40590279 | Campaign: LiveXfer | 9.4 min
  URL: https://98.126.31.38/RECORDINGS/MP3/20251031-130243_2172348179-all.mp3
  ✓ Saved to: /Users/mosesherrera/Desktop/vicidial-analysis/sales_recordings/pitches/Unknown/20251031-130243_2172348179.mp3

↓ Downloading: pitches/Unknown/20251031-105350_3093619368.mp3
  Lead: 40667819 | Campaign: LiveXfer | 9.1 min
  URL: https://98.126.31.38/RECORDINGS/MP3/20251031-105350_3093619368-all.mp3
  ✓ Saved to: /Users/mosesherrera/Desktop/vicidial-analysis/sales_recordings/pitches/Unknown/20251031-105350_3093619368.mp3

⊘ Already exists: pitches/Unknown/20251031-110230_3093619368.mp3
↓ Downloading: pitches/Unknown/20251031-100329_2174335727.mp3
  Lead: 40533792 | Campaign: LiveXfer | 7.7 min
  URL: https://67.198.205.58/RECORDINGS/MP3/20251031-100329_2174335727-all.mp3
  ✓ Saved to: /Users/mosesherrera/Desktop/vicidial-analysis/sales_recordings/pitches/Unknown/20251031-100329_2174335727.mp3

↓ Downloading: pitches/Unknown/20251031-101027_2174335727.mp3
  Lead: 40533792 | Campaign: LiveXfer | 4.0 min
  URL: https://67.198.205.58/RECORDINGS/MP3/20251031-101027_2174335727-all.mp3
  ✓ Saved to: /Users/mosesherrera/Desktop/vicidial-analysis/sales_recordings/pitches/Unknown/20251031-101027_2174335727.mp3

↓ Downloading: pitches/Unknown/20251031-095906_6185608450.mp3
  Lead: 41152381 | Campaign: LiveXfer | 11.4 min
  URL: https://98.126.31.38/RECORDINGS/MP3/20251031-095906_6185608450-all.mp3
  ✓ Saved to: /Users/mosesherrera/Desktop/vicidial-analysis/sales_recordings/pitches/Unknown/20251031-095906_6185608450.mp3

↓ Downloading: pitches/Unknown/20251031-101007_6185608450.mp3
  Lead: 41152381 | Campaign: LiveXfer | 6.3 min
  URL: https://98.126.31.38/RECORDINGS/MP3/20251031-101007_6185608450-all.mp3
  ✓ Saved to: /Users/mosesherrera/Desktop/vicidial-analysis/sales_recordings/pitches/Unknown/20251031-101007_6185608450.mp3

↓ Downloading: pitches/Unknown/20251031-093354_6189270579.mp3
  Lead: 40616827 | Campaign: LiveXfer | 9.6 min
  URL: https://98.126.31.38/RECORDINGS/MP3/20251031-093354_6189270579-all.mp3
  ✓ Saved to: /Users/mosesherrera/Desktop/vicidial-analysis/sales_recordings/pitches/Unknown/20251031-093354_6189270579.mp3

↓ Downloading: pitches/Unknown/20251031-094308_6189270579.mp3
  Lead: 40616827 | Campaign: LiveXfer | 6.2 min
  URL: https://98.126.31.38/RECORDINGS/MP3/20251031-094308_6189270579-all.mp3
  ✓ Saved to: /Users/mosesherrera/Desktop/vicidial-analysis/sales_recordings/pitches/Unknown/20251031-094308_6189270579.mp3

⊘ Already exists: pitches/Unknown/20251031-085801_6183224949.mp3
↓ Downloading: pitches/Unknown/20251031-090355_6183224949.mp3
  Lead: 41084008 | Campaign: LiveXfer | 5.0 min
  URL: https://98.126.31.38/RECORDINGS/MP3/20251031-090355_6183224949-all.mp3
  ✓ Saved to: /Users/mosesherrera/Desktop/vicidial-analysis/sales_recordings/pitches/Unknown/20251031-090355_6183224949.mp3

↓ Downloading: pitches/Unknown/20250611-133847_6189460441.mp3
  Lead: 40525111 | Campaign: LiveXfer | 3.0 min
  URL: https://67.198.205.58/RECORDINGS/MP3/20250611-133847_6189460441-all.mp3
  ✓ Saved to: /Users/mosesherrera/Desktop/vicidial-analysis/sales_recordings/pitches/Unknown/20250611-133847_6189460441.mp3

↓ Downloading: pitches/Unknown/20251031-084344_6189460441.mp3
  Lead: 40525111 | Campaign: LiveXfer | 12.6 min
  URL: https://98.126.31.38/RECORDINGS/MP3/20251031-084344_6189460441-all.mp3
  ✓ Saved to: /Users/mosesherrera/Desktop/vicidial-analysis/sales_recordings/pitches/Unknown/20251031-084344_6189460441.mp3

⊘ Already exists: pitches/Unknown/20251031-085558_6189460441.mp3
⊘ Already exists: pitches/Unknown/20251031-084437_6183224878.mp3
↓ Downloading: pitches/Unknown/20251031-085030_6183224878.mp3
  Lead: 40964402 | Campaign: LiveXfer | 9.3 min
  URL: https://67.198.205.58/RECORDINGS/MP3/20251031-085030_6183224878-all.mp3
  ✓ Saved to: /Users/mosesherrera/Desktop/vicidial-analysis/sales_recordings/pitches/Unknown/20251031-085030_6183224878.mp3

⊘ Already exists: pitches/Georgia/20251031-080334_4049669979.mp3
↓ Downloading: pitches/Unknown/20251031-073720_3144015184.mp3
  Lead: 36058203 | Campaign: StLouisXfer | 5.4 min
  URL: https://67.198.205.58/RECORDINGS/MP3/20251031-073720_3144015184-all.mp3
  ✓ Saved to: /Users/mosesherrera/Desktop/vicidial-analysis/sales_recordings/pitches/Unknown/20251031-073720_3144015184.mp3

↓ Downloading: pitches/Unknown/20251031-071424_3143414105.mp3
  Lead: 36003859 | Campaign: LiveXfer | 11.2 min
  URL: https://98.126.31.38/RECORDINGS/MP3/20251031-071424_3143414105-all.mp3
  ✓ Saved to: /Users/mosesherrera/Desktop/vicidial-analysis/sales_recordings/pitches/Unknown/20251031-071424_3143414105.mp3

↓ Downloading: pitches/Unknown/20251031-072504_3143414105.mp3
  Lead: 36003859 | Campaign: LiveXfer | 8.2 min
  URL: https://67.198.205.58/RECORDINGS/MP3/20251031-072504_3143414105-all.mp3
  ✓ Saved to: /Users/mosesherrera/Desktop/vicidial-analysis/sales_recordings/pitches/Unknown/20251031-072504_3143414105.mp3

↓ Downloading: pitches/Unknown/20251030-142647_6185994039.mp3
  Lead: 41161513 | Campaign: ColumbusCallback | 10.7 min
  URL: https://98.126.31.38/RECORDINGS/MP3/20251030-142647_6185994039-all.mp3
  ✓ Saved to: /Users/mosesherrera/Desktop/vicidial-analysis/sales_recordings/pitches/Unknown/20251030-142647_6185994039.mp3

↓ Downloading: pitches/Illinois/20251030-135448_6184357236.mp3
  Lead: 40920970 | Campaign: IllinoisXfer | 7.6 min
  URL: https://98.126.31.38/RECORDINGS/MP3/20251030-135448_6184357236-all.mp3
  ✓ Saved to: /Users/mosesherrera/Desktop/vicidial-analysis/sales_recordings/pitches/Illinois/20251030-135448_6184357236.mp3

↓ Downloading: confirmations/Illinois/20251030-134849_3098743102.mp3
  Lead: 40747697 | Campaign: IllinoisXfer | 1.0 min
  URL: https://98.126.31.38/RECORDINGS/MP3/20251030-134849_3098743102-all.mp3
  ✓ Saved to: /Users/mosesherrera/Desktop/vicidial-analysis/sales_recordings/confirmations/Illinois/20251030-134849_3098743102.mp3

↓ Downloading: pitches/Unknown/20251030-133840_6185359353.mp3
  Lead: 40907186 | Campaign: LiveXfer | 7.6 min
  URL: https://98.126.31.38/RECORDINGS/MP3/20251030-133840_6185359353-all.mp3
  ✓ Saved to: /Users/mosesherrera/Desktop/vicidial-analysis/sales_recordings/pitches/Unknown/20251030-133840_6185359353.mp3

↓ Downloading: pitches/Unknown/20251030-134610_6185359353.mp3
  Lead: 40907186 | Campaign: LiveXfer | 5.5 min
  URL: https://67.198.205.58/RECORDINGS/MP3/20251030-134610_6185359353-all.mp3
  ✓ Saved to: /Users/mosesherrera/Desktop/vicidial-analysis/sales_recordings/pitches/Unknown/20251030-134610_6185359353.mp3

↓ Downloading: pitches/Illinois/20251030-125133_4692607466.mp3
  Lead: 41233610 | Campaign: IllinoisXfer | 14.2 min
  URL: https://67.198.205.58/RECORDINGS/MP3/20251030-125133_4692607466-all.mp3
  ✓ Saved to: /Users/mosesherrera/Desktop/vicidial-analysis/sales_recordings/pitches/Illinois/20251030-125133_4692607466.mp3

↓ Downloading: pitches/Unknown/20251030-122508_3144713677.mp3
  Lead: 35979415 | Campaign: LiveXfer | 7.6 min
  URL: https://67.198.205.58/RECORDINGS/MP3/20251030-122508_3144713677-all.mp3
  ✓ Saved to: /Users/mosesherrera/Desktop/vicidial-analysis/sales_recordings/pitches/Unknown/20251030-122508_3144713677.mp3

↓ Downloading: pitches/Unknown/20251030-123205_3144713677.mp3
  Lead: 35979415 | Campaign: LiveXfer | 3.8 min
  URL: https://67.198.205.58/RECORDINGS/MP3/20251030-123205_3144713677-all.mp3
  ✓ Saved to: /Users/mosesherrera/Desktop/vicidial-analysis/sales_recordings/pitches/Unknown/20251030-123205_3144713677.mp3

⊘ Already exists: pitches/Unknown/20251030-122619_3144208778.mp3
⊘ Already exists: confirmations/Unknown/20251031-101629_3144208778.mp3
↓ Downloading: pitches/Unknown/20251030-120810_3145043045.mp3
  Lead: 35910619 | Campaign: LiveXfer | 10.1 min
  URL: https://67.198.205.58/RECORDINGS/MP3/20251030-120810_3145043045-all.mp3
  ✓ Saved to: /Users/mosesherrera/Desktop/vicidial-analysis/sales_recordings/pitches/Unknown/20251030-120810_3145043045.mp3

↓ Downloading: pitches/Unknown/20251030-121732_3145043045.mp3
  Lead: 35910619 | Campaign: LiveXfer | 7.4 min
  URL: https://67.198.205.58/RECORDINGS/MP3/20251030-121732_3145043045-all.mp3
  ✓ Saved to: /Users/mosesherrera/Desktop/vicidial-analysis/sales_recordings/pitches/Unknown/20251030-121732_3145043045.mp3

↓ Downloading: pitches/Unknown/20251030-121227_3148824854.mp3
  Lead: 35973471 | Campaign: StLouisXfer | 6.5 min
  URL: https://98.126.31.38/RECORDINGS/MP3/20251030-121227_3148824854-all.mp3
  ✓ Saved to: /Users/mosesherrera/Desktop/vicidial-analysis/sales_recordings/pitches/Unknown/20251030-121227_3148824854.mp3

↓ Downloading: pitches/Unknown/20251030-104115_3144065767.mp3
  Lead: 35922826 | Campaign: StLouisXfer | 7.0 min
  URL: https://98.126.31.38/RECORDINGS/MP3/20251030-104115_3144065767-all.mp3
  ✓ Saved to: /Users/mosesherrera/Desktop/vicidial-analysis/sales_recordings/pitches/Unknown/20251030-104115_3144065767.mp3

↓ Downloading: pitches/Unknown/20250724-125608_3144793115.mp3
  Lead: 38579524 | Campaign: LiveXfer | 3.8 min
  URL: https://67.198.205.58/RECORDINGS/MP3/20250724-125608_3144793115-all.mp3
  ✓ Saved to: /Users/mosesherrera/Desktop/vicidial-analysis/sales_recordings/pitches/Unknown/20250724-125608_3144793115.mp3

↓ Downloading: confirmations/Unknown/20250725-221013_3144793115.mp3
  Lead: 38579524 | Campaign: LiveXfer | 0.3 min
  URL: https://98.126.31.83/RECORDINGS/MP3/20250725-221013_3144793115-all.mp3
  ✗ Error downloading: HTTPSConnectionPool(host='98.126.31.83', port=443): Max retries exceeded with url: /RECORDINGS/MP3/20250725-221013_3144793115-all.mp3 (Caused by ConnectTimeoutError(<urllib3.connection.HTTPSConnection object at 0x105bd3c50>, 'Connection to 98.126.31.83 timed out. (connect timeout=30)'))

↓ Downloading: pitches/Unknown/20251030-102610_3144793115.mp3
  Lead: 38579524 | Campaign: LiveXfer | 8.6 min
  URL: https://98.126.31.38/RECORDINGS/MP3/20251030-102610_3144793115-all.mp3
  ✓ Saved to: /Users/mosesherrera/Desktop/vicidial-analysis/sales_recordings/pitches/Unknown/20251030-102610_3144793115.mp3

↓ Downloading: pitches/Unknown/20251030-103404_3144793115.mp3
  Lead: 38579524 | Campaign: LiveXfer | 3.6 min
  URL: https://67.198.205.58/RECORDINGS/MP3/20251030-103404_3144793115-all.mp3
  ✓ Saved to: /Users/mosesherrera/Desktop/vicidial-analysis/sales_recordings/pitches/Unknown/20251030-103404_3144793115.mp3

↓ Downloading: confirmations/Unknown/20250326-064516_3143224441.mp3
  Lead: 35916441 | Campaign: LiveXfer | 1.9 min
  URL: http://174.139.239.22/RECORDINGS/MP3/20250326-064516_3143224441-all.mp3
  ✗ Error downloading: HTTPConnectionPool(host='174.139.239.22', port=80): Max retries exceeded with url: /RECORDINGS/MP3/20250326-064516_3143224441-all.mp3 (Caused by ConnectTimeoutError(<urllib3.connection.HTTPConnection object at 0x105e97bb0>, 'Connection to 174.139.239.22 timed out. (connect timeout=30)'))

↓ Downloading: pitches/Unknown/20251030-101626_3143224441.mp3
  Lead: 35916441 | Campaign: LiveXfer | 6.9 min
  URL: http://98.126.31.37/RECORDINGS/MP3/20251030-101626_3143224441-all.mp3
  ✓ Saved to: /Users/mosesherrera/Desktop/vicidial-analysis/sales_recordings/pitches/Unknown/20251030-101626_3143224441.mp3

↓ Downloading: pitches/Unknown/20251030-102252_3143224441.mp3
  Lead: 35916441 | Campaign: LiveXfer | 3.6 min
  URL: https://67.198.205.58/RECORDINGS/MP3/20251030-102252_3143224441-all.mp3
  ✓ Saved to: /Users/mosesherrera/Desktop/vicidial-analysis/sales_recordings/pitches/Unknown/20251030-102252_3143224441.mp3

↓ Downloading: confirmations/Unknown/20250411-123143_3142764139.mp3
  Lead: 36023954 | Campaign: LiveXfer | 0.1 min
  URL: https://174.139.239.27/RECORDINGS/MP3/20250411-123143_3142764139-all.mp3
  ✗ Error downloading: HTTPSConnectionPool(host='174.139.239.27', port=443): Max retries exceeded with url: /RECORDINGS/MP3/20250411-123143_3142764139-all.mp3 (Caused by NewConnectionError('<urllib3.connection.HTTPSConnection object at 0x105bd3890>: Failed to establish a new connection: [Errno 61] Connection refused'))

↓ Downloading: pitches/Unknown/20251030-094619_3142764139.mp3
  Lead: 36023954 | Campaign: LiveXfer | 10.1 min
  URL: https://67.198.205.58/RECORDINGS/MP3/20251030-094619_3142764139-all.mp3
  ✓ Saved to: /Users/mosesherrera/Desktop/vicidial-analysis/sales_recordings/pitches/Unknown/20251030-094619_3142764139.mp3

↓ Downloading: pitches/Unknown/20251030-095600_3142764139.mp3
  Lead: 36023954 | Campaign: LiveXfer | 3.4 min
  URL: https://67.198.205.58/RECORDINGS/MP3/20251030-095600_3142764139-all.mp3
  ✓ Saved to: /Users/mosesherrera/Desktop/vicidial-analysis/sales_recordings/pitches/Unknown/20251030-095600_3142764139.mp3

↓ Downloading: pitches/Unknown/20251030-094219_3143693233.mp3
  Lead: 35964470 | Campaign: LiveXfer | 7.4 min
  URL: https://98.126.31.38/RECORDINGS/MP3/20251030-094219_3143693233-all.mp3
  ✓ Saved to: /Users/mosesherrera/Desktop/vicidial-analysis/sales_recordings/pitches/Unknown/20251030-094219_3143693233.mp3

↓ Downloading: pitches/Unknown/20251030-094920_3143693233.mp3
  Lead: 35964470 | Campaign: LiveXfer | 6.1 min
  URL: https://67.198.205.58/RECORDINGS/MP3/20251030-094920_3143693233-all.mp3
  ✓ Saved to: /Users/mosesherrera/Desktop/vicidial-analysis/sales_recordings/pitches/Unknown/20251030-094920_3143693233.mp3

↓ Downloading: pitches/Unknown/20251030-092529_3142499124.mp3
  Lead: 38522460 | Campaign: LiveXfer | 5.9 min
  URL: https://98.126.31.38/RECORDINGS/MP3/20251030-092529_3142499124-all.mp3
  ✓ Saved to: /Users/mosesherrera/Desktop/vicidial-analysis/sales_recordings/pitches/Unknown/20251030-092529_3142499124.mp3

↓ Downloading: pitches/Unknown/20251030-093117_3142499124.mp3
  Lead: 38522460 | Campaign: LiveXfer | 10.4 min
  URL: https://67.198.205.58/RECORDINGS/MP3/20251030-093117_3142499124-all.mp3
  ✓ Saved to: /Users/mosesherrera/Desktop/vicidial-analysis/sales_recordings/pitches/Unknown/20251030-093117_3142499124.mp3

↓ Downloading: pitches/Unknown/20251030-084000_3146406141.mp3
  Lead: 38742129 | Campaign: LiveXfer | 9.2 min
  URL: https://98.126.31.38/RECORDINGS/MP3/20251030-084000_3146406141-all.mp3
  ✓ Saved to: /Users/mosesherrera/Desktop/vicidial-analysis/sales_recordings/pitches/Unknown/20251030-084000_3146406141.mp3

↓ Downloading: pitches/Unknown/20251030-084833_3146406141.mp3
  Lead: 38742129 | Campaign: LiveXfer | 7.0 min
  URL: https://67.198.205.58/RECORDINGS/MP3/20251030-084833_3146406141-all.mp3
  ✓ Saved to: /Users/mosesherrera/Desktop/vicidial-analysis/sales_recordings/pitches/Unknown/20251030-084833_3146406141.mp3

↓ Downloading: pitches/Unknown/20251030-074006_3143156529.mp3
  Lead: 38760276 | Campaign: LiveXfer | 10.6 min
  URL: https://98.126.31.38/RECORDINGS/MP3/20251030-074006_3143156529-all.mp3
  ✓ Saved to: /Users/mosesherrera/Desktop/vicidial-analysis/sales_recordings/pitches/Unknown/20251030-074006_3143156529.mp3

↓ Downloading: pitches/Unknown/20251030-075016_3143156529.mp3
  Lead: 38760276 | Campaign: LiveXfer | 5.9 min
  URL: https://67.198.205.58/RECORDINGS/MP3/20251030-075016_3143156529-all.mp3
  ✓ Saved to: /Users/mosesherrera/Desktop/vicidial-analysis/sales_recordings/pitches/Unknown/20251030-075016_3143156529.mp3

↓ Downloading: pitches/Unknown/20251030-074110_3146305252.mp3
  Lead: 38521405 | Campaign: LiveXfer | 5.4 min
  URL: https://98.126.31.38/RECORDINGS/MP3/20251030-074110_3146305252-all.mp3
  ✓ Saved to: /Users/mosesherrera/Desktop/vicidial-analysis/sales_recordings/pitches/Unknown/20251030-074110_3146305252.mp3

↓ Downloading: pitches/Unknown/20251030-074612_3146305252.mp3
  Lead: 38521405 | Campaign: LiveXfer | 3.5 min
  URL: https://67.198.205.58/RECORDINGS/MP3/20251030-074612_3146305252-all.mp3
  ✓ Saved to: /Users/mosesherrera/Desktop/vicidial-analysis/sales_recordings/pitches/Unknown/20251030-074612_3146305252.mp3

↓ Downloading: pitches/Unknown/20251030-071220_3144139585.mp3
  Lead: 38870305 | Campaign: LiveXfer | 10.1 min
  URL: https://98.126.31.38/RECORDINGS/MP3/20251030-071220_3144139585-all.mp3
  ✓ Saved to: /Users/mosesherrera/Desktop/vicidial-analysis/sales_recordings/pitches/Unknown/20251030-071220_3144139585.mp3

↓ Downloading: confirmations/Unknown/20251030-093220_3144139585.mp3
  Lead: 38870305 | Campaign: LiveXfer | 1.0 min
  URL: https://98.126.31.38/RECORDINGS/MP3/20251030-093220_3144139585-all.mp3
  ✓ Saved to: /Users/mosesherrera/Desktop/vicidial-analysis/sales_recordings/confirmations/Unknown/20251030-093220_3144139585.mp3

↓ Downloading: pitches/Unknown/20251030-073300_3144139585.mp3
  Lead: 38870305 | Campaign: LiveXfer | 4.1 min
  URL: http://98.126.31.37/RECORDINGS/MP3/20251030-073300_3144139585-all.mp3
  ✓ Saved to: /Users/mosesherrera/Desktop/vicidial-analysis/sales_recordings/pitches/Unknown/20251030-073300_3144139585.mp3

↓ Downloading: pitches/Unknown/20251030-071748_6365285454.mp3
  Lead: 38884231 | Campaign: LiveXfer | 10.8 min
  URL: https://98.126.31.38/RECORDINGS/MP3/20251030-071748_6365285454-all.mp3
  ✓ Saved to: /Users/mosesherrera/Desktop/vicidial-analysis/sales_recordings/pitches/Unknown/20251030-071748_6365285454.mp3

↓ Downloading: pitches/Unknown/20251030-072813_6365285454.mp3
  Lead: 38884231 | Campaign: LiveXfer | 3.9 min
  URL: https://67.198.205.58/RECORDINGS/MP3/20251030-072813_6365285454-all.mp3
  ✓ Saved to: /Users/mosesherrera/Desktop/vicidial-analysis/sales_recordings/pitches/Unknown/20251030-072813_6365285454.mp3

↓ Downloading: confirmations/Unknown/20251030-093128_6365285454.mp3
  Lead: 38884231 | Campaign: LiveXfer | 0.7 min
  URL: http://98.126.31.37/RECORDINGS/MP3/20251030-093128_6365285454-all.mp3
  ✓ Saved to: /Users/mosesherrera/Desktop/vicidial-analysis/sales_recordings/confirmations/Unknown/20251030-093128_6365285454.mp3

↓ Downloading: confirmations/Unknown/20251030-093217_6365285454.mp3
  Lead: 38884231 | Campaign: LiveXfer | 0.5 min
  URL: http://98.126.31.37/RECORDINGS/MP3/20251030-093217_6365285454-all.mp3
  ✓ Saved to: /Users/mosesherrera/Desktop/vicidial-analysis/sales_recordings/confirmations/Unknown/20251030-093217_6365285454.mp3

↓ Downloading: pitches/Unknown/20251030-071844_5733158133.mp3
  Lead: 38887161 | Campaign: StLouisXfer | 10.2 min
  URL: http://98.126.31.37/RECORDINGS/MP3/20251030-071844_5733158133-all.mp3
  ✓ Saved to: /Users/mosesherrera/Desktop/vicidial-analysis/sales_recordings/pitches/Unknown/20251030-071844_5733158133.mp3

↓ Downloading: pitches/Unknown/20251030-064924_3148534323.mp3
  Lead: 38854220 | Campaign: StLouisXfer | 10.8 min
  URL: http://98.126.31.37/RECORDINGS/MP3/20251030-064924_3148534323-all.mp3
  ✓ Saved to: /Users/mosesherrera/Desktop/vicidial-analysis/sales_recordings/pitches/Unknown/20251030-064924_3148534323.mp3

↓ Downloading: pitches/Illinois/20251030-064250_8155452642.mp3
  Lead: 40902371 | Campaign: IllinoisXfer | 12.0 min
  URL: https://67.198.205.58/RECORDINGS/MP3/20251030-064250_8155452642-all.mp3
  ✓ Saved to: /Users/mosesherrera/Desktop/vicidial-analysis/sales_recordings/pitches/Illinois/20251030-064250_8155452642.mp3

↓ Downloading: pitches/Unknown/20251029-144437_6367343642.mp3
  Lead: 39123006 | Campaign: LiveXfer | 12.5 min
  URL: https://98.126.31.38/RECORDINGS/MP3/20251029-144437_6367343642-all.mp3
  ✓ Saved to: /Users/mosesherrera/Desktop/vicidial-analysis/sales_recordings/pitches/Unknown/20251029-144437_6367343642.mp3

↓ Downloading: pitches/Unknown/20251029-145635_6367343642.mp3
  Lead: 39123006 | Campaign: LiveXfer | 4.2 min
  URL: https://67.198.205.58/RECORDINGS/MP3/20251029-145635_6367343642-all.mp3
  ✓ Saved to: /Users/mosesherrera/Desktop/vicidial-analysis/sales_recordings/pitches/Unknown/20251029-145635_6367343642.mp3

↓ Downloading: pitches/Unknown/20251029-143148_3145810731.mp3
  Lead: 39090503 | Campaign: LiveXfer | 17.8 min
  URL: https://98.126.31.38/RECORDINGS/MP3/20251029-143148_3145810731-all.mp3
  ✓ Saved to: /Users/mosesherrera/Desktop/vicidial-analysis/sales_recordings/pitches/Unknown/20251029-143148_3145810731.mp3

↓ Downloading: pitches/Unknown/20251029-144857_3145810731.mp3
  Lead: 39090503 | Campaign: LiveXfer | 12.9 min
  URL: https://67.198.205.58/RECORDINGS/MP3/20251029-144857_3145810731-all.mp3
  ✓ Saved to: /Users/mosesherrera/Desktop/vicidial-analysis/sales_recordings/pitches/Unknown/20251029-144857_3145810731.mp3

↓ Downloading: pitches/Unknown/20251029-135922_3149325787.mp3
  Lead: 39182679 | Campaign: LiveXfer | 7.4 min
  URL: https://98.126.31.38/RECORDINGS/MP3/20251029-135922_3149325787-all.mp3
  ✓ Saved to: /Users/mosesherrera/Desktop/vicidial-analysis/sales_recordings/pitches/Unknown/20251029-135922_3149325787.mp3

↓ Downloading: pitches/Unknown/20251029-140619_3149325787.mp3
  Lead: 39182679 | Campaign: LiveXfer | 3.5 min
  URL: https://98.126.31.38/RECORDINGS/MP3/20251029-140619_3149325787-all.mp3
  ✓ Saved to: /Users/mosesherrera/Desktop/vicidial-analysis/sales_recordings/pitches/Unknown/20251029-140619_3149325787.mp3

↓ Downloading: pitches/Unknown/20251029-134730_5735298552.mp3
  Lead: 39235783 | Campaign: LiveXfer | 10.3 min
  URL: https://98.126.31.38/RECORDINGS/MP3/20251029-134730_5735298552-all.mp3
  ✓ Saved to: /Users/mosesherrera/Desktop/vicidial-analysis/sales_recordings/pitches/Unknown/20251029-134730_5735298552.mp3

↓ Downloading: pitches/Unknown/20251029-135719_5735298552.mp3
  Lead: 39235783 | Campaign: LiveXfer | 13.6 min
  URL: https://67.198.205.58/RECORDINGS/MP3/20251029-135719_5735298552-all.mp3
  ✓ Saved to: /Users/mosesherrera/Desktop/vicidial-analysis/sales_recordings/pitches/Unknown/20251029-135719_5735298552.mp3

↓ Downloading: pitches/Unknown/20251029-134858_6788308478.mp3
  Lead: 42453322 | Campaign: ColumbusCallback | 10.7 min
  URL: http://98.126.31.37/RECORDINGS/MP3/20251029-134858_6788308478-all.mp3
  ✓ Saved to: /Users/mosesherrera/Desktop/vicidial-analysis/sales_recordings/pitches/Unknown/20251029-134858_6788308478.mp3

↓ Downloading: confirmations/Unknown/20251001-085143_5732631439.mp3
  Lead: 39179752 | Campaign: LiveXfer | 2.5 min
  URL: https://98.126.31.83/RECORDINGS/MP3/20251001-085143_5732631439-all.mp3
  ✗ Error downloading: HTTPSConnectionPool(host='98.126.31.83', port=443): Max retries exceeded with url: /RECORDINGS/MP3/20251001-085143_5732631439-all.mp3 (Caused by ConnectTimeoutError(<urllib3.connection.HTTPSConnection object at 0x105bd34d0>, 'Connection to 98.126.31.83 timed out. (connect timeout=30)'))

↓ Downloading: pitches/Unknown/20251029-131801_5732631439.mp3
  Lead: 39179752 | Campaign: LiveXfer | 8.2 min
  URL: https://98.126.31.38/RECORDINGS/MP3/20251029-131801_5732631439-all.mp3
  ✓ Saved to: /Users/mosesherrera/Desktop/vicidial-analysis/sales_recordings/pitches/Unknown/20251029-131801_5732631439.mp3

↓ Downloading: pitches/Unknown/20251029-132548_5732631439.mp3
  Lead: 39179752 | Campaign: LiveXfer | 6.2 min
  URL: https://67.198.205.58/RECORDINGS/MP3/20251029-132548_5732631439-all.mp3
  ✓ Saved to: /Users/mosesherrera/Desktop/vicidial-analysis/sales_recordings/pitches/Unknown/20251029-132548_5732631439.mp3

↓ Downloading: confirmations/Unknown/20250718-093430_3146233908.mp3
  Lead: 39182644 | Campaign: LiveXfer | 1.6 min
  URL: https://98.126.31.83/RECORDINGS/MP3/20250718-093430_3146233908-all.mp3
  ✗ Error downloading: HTTPSConnectionPool(host='98.126.31.83', port=443): Max retries exceeded with url: /RECORDINGS/MP3/20250718-093430_3146233908-all.mp3 (Caused by ConnectTimeoutError(<urllib3.connection.HTTPSConnection object at 0x105bd2990>, 'Connection to 98.126.31.83 timed out. (connect timeout=30)'))

↓ Downloading: pitches/Unknown/20251029-125527_3146233908.mp3
  Lead: 39182644 | Campaign: LiveXfer | 17.4 min
  URL: https://98.126.31.38/RECORDINGS/MP3/20251029-125527_3146233908-all.mp3
  ✓ Saved to: /Users/mosesherrera/Desktop/vicidial-analysis/sales_recordings/pitches/Unknown/20251029-125527_3146233908.mp3

↓ Downloading: pitches/Unknown/20251029-131225_3146233908.mp3
  Lead: 39182644 | Campaign: LiveXfer | 5.0 min
  URL: https://67.198.205.58/RECORDINGS/MP3/20251029-131225_3146233908-all.mp3
  ✓ Saved to: /Users/mosesherrera/Desktop/vicidial-analysis/sales_recordings/pitches/Unknown/20251029-131225_3146233908.mp3

↓ Downloading: pitches/Unknown/20251029-125849_6367515420.mp3
  Lead: 39170476 | Campaign: StLouisXfer | 14.9 min
  URL: http://98.126.31.37/RECORDINGS/MP3/20251029-125849_6367515420-all.mp3
  ✓ Saved to: /Users/mosesherrera/Desktop/vicidial-analysis/sales_recordings/pitches/Unknown/20251029-125849_6367515420.mp3

↓ Downloading: confirmations/Unknown/20250424-120210_3142264454.mp3
  Lead: 39184881 | Campaign: LiveXfer | 0.7 min
  URL: http://174.139.239.22/RECORDINGS/MP3/20250424-120210_3142264454-all.mp3
  ✗ Error downloading: HTTPConnectionPool(host='174.139.239.22', port=80): Max retries exceeded with url: /RECORDINGS/MP3/20250424-120210_3142264454-all.mp3 (Caused by ConnectTimeoutError(<urllib3.connection.HTTPConnection object at 0x106024d10>, 'Connection to 174.139.239.22 timed out. (connect timeout=30)'))

↓ Downloading: pitches/Unknown/20251029-124505_3142264454.mp3
  Lead: 39184881 | Campaign: LiveXfer | 8.6 min
  URL: https://98.126.31.38/RECORDINGS/MP3/20251029-124505_3142264454-all.mp3
  ✓ Saved to: /Users/mosesherrera/Desktop/vicidial-analysis/sales_recordings/pitches/Unknown/20251029-124505_3142264454.mp3

↓ Downloading: pitches/Unknown/20251029-125259_3142264454.mp3
  Lead: 39184881 | Campaign: LiveXfer | 4.3 min
  URL: https://98.126.31.38/RECORDINGS/MP3/20251029-125259_3142264454-all.mp3
  ✓ Saved to: /Users/mosesherrera/Desktop/vicidial-analysis/sales_recordings/pitches/Unknown/20251029-125259_3142264454.mp3

↓ Downloading: pitches/Unknown/20251029-124909_5109182345.mp3
  Lead: 39232780 | Campaign: StLouisXfer | 10.2 min
  URL: https://67.198.205.58/RECORDINGS/MP3/20251029-124909_5109182345-all.mp3
  ✓ Saved to: /Users/mosesherrera/Desktop/vicidial-analysis/sales_recordings/pitches/Unknown/20251029-124909_5109182345.mp3

↓ Downloading: pitches/Unknown/20251029-124526_3145830390.mp3
  Lead: 39159353 | Campaign: StLouisXfer | 9.1 min
  URL: http://98.126.31.37/RECORDINGS/MP3/20251029-124526_3145830390-all.mp3
  ✓ Saved to: /Users/mosesherrera/Desktop/vicidial-analysis/sales_recordings/pitches/Unknown/20251029-124526_3145830390.mp3

↓ Downloading: confirmations/Unknown/20250415-120703_3143151841.mp3
  Lead: 39181822 | Campaign: StLouisXfer | 1.6 min
  URL: https://174.139.239.27/RECORDINGS/MP3/20250415-120703_3143151841-all.mp3
  ✗ Error downloading: HTTPSConnectionPool(host='174.139.239.27', port=443): Max retries exceeded with url: /RECORDINGS/MP3/20250415-120703_3143151841-all.mp3 (Caused by NewConnectionError('<urllib3.connection.HTTPSConnection object at 0x105bd2ad0>: Failed to establish a new connection: [Errno 61] Connection refused'))

↓ Downloading: pitches/Unknown/20251029-122500_3143151841.mp3
  Lead: 39181822 | Campaign: StLouisXfer | 9.9 min
  URL: https://98.126.31.38/RECORDINGS/MP3/20251029-122500_3143151841-all.mp3
  ✓ Saved to: /Users/mosesherrera/Desktop/vicidial-analysis/sales_recordings/pitches/Unknown/20251029-122500_3143151841.mp3

↓ Downloading: pitches/Unknown/20251029-121608_3145805282.mp3
  Lead: 39185014 | Campaign: StLouisXfer | 11.5 min
  URL: https://67.198.205.58/RECORDINGS/MP3/20251029-121608_3145805282-all.mp3
  ✓ Saved to: /Users/mosesherrera/Desktop/vicidial-analysis/sales_recordings/pitches/Unknown/20251029-121608_3145805282.mp3

↓ Downloading: pitches/Illinois/20251029-105820_6187510505.mp3
  Lead: 41298254 | Campaign: IllinoisXfer | 13.5 min
  URL: https://67.198.205.58/RECORDINGS/MP3/20251029-105820_6187510505-all.mp3
  ✓ Saved to: /Users/mosesherrera/Desktop/vicidial-analysis/sales_recordings/pitches/Illinois/20251029-105820_6187510505.mp3

↓ Downloading: pitches/Unknown/20251029-101056_2173161018.mp3
  Lead: 41271973 | Campaign: LiveXfer | 9.2 min
  URL: https://67.198.205.58/RECORDINGS/MP3/20251029-101056_2173161018-all.mp3
  ✓ Saved to: /Users/mosesherrera/Desktop/vicidial-analysis/sales_recordings/pitches/Unknown/20251029-101056_2173161018.mp3

↓ Downloading: pitches/Unknown/20251029-101935_2173161018.mp3
  Lead: 41271973 | Campaign: LiveXfer | 4.3 min
  URL: https://67.198.205.58/RECORDINGS/MP3/20251029-101935_2173161018-all.mp3
  ✓ Saved to: /Users/mosesherrera/Desktop/vicidial-analysis/sales_recordings/pitches/Unknown/20251029-101935_2173161018.mp3

↓ Downloading: pitches/Unknown/20251029-095918_6188767238.mp3
  Lead: 41008554 | Campaign: LiveXfer | 7.5 min
  URL: https://98.126.31.38/RECORDINGS/MP3/20251029-095918_6188767238-all.mp3
  ✓ Saved to: /Users/mosesherrera/Desktop/vicidial-analysis/sales_recordings/pitches/Unknown/20251029-095918_6188767238.mp3

↓ Downloading: pitches/Unknown/20251029-100623_6188767238.mp3
  Lead: 41008554 | Campaign: LiveXfer | 5.8 min
  URL: https://67.198.205.58/RECORDINGS/MP3/20251029-100623_6188767238-all.mp3
  ✓ Saved to: /Users/mosesherrera/Desktop/vicidial-analysis/sales_recordings/pitches/Unknown/20251029-100623_6188767238.mp3

↓ Downloading: pitches/Illinois/20251029-094712_6184022049.mp3
  Lead: 40989138 | Campaign: IllinoisXfer | 14.6 min
  URL: http://98.126.31.37/RECORDINGS/MP3/20251029-094712_6184022049-all.mp3
  ✓ Saved to: /Users/mosesherrera/Desktop/vicidial-analysis/sales_recordings/pitches/Illinois/20251029-094712_6184022049.mp3

↓ Downloading: pitches/Illinois/20251029-093420_6185583271.mp3
  Lead: 41102835 | Campaign: IllinoisXfer | 12.3 min
  URL: https://67.198.205.58/RECORDINGS/MP3/20251029-093420_6185583271-all.mp3
  ✓ Saved to: /Users/mosesherrera/Desktop/vicidial-analysis/sales_recordings/pitches/Illinois/20251029-093420_6185583271.mp3

↓ Downloading: pitches/Unknown/20251029-090729_6182186637.mp3
  Lead: 40567458 | Campaign: LiveXfer | 8.8 min
  URL: https://98.126.31.38/RECORDINGS/MP3/20251029-090729_6182186637-all.mp3
  ✓ Saved to: /Users/mosesherrera/Desktop/vicidial-analysis/sales_recordings/pitches/Unknown/20251029-090729_6182186637.mp3

↓ Downloading: pitches/Unknown/20251029-091550_6182186637.mp3
  Lead: 40567458 | Campaign: LiveXfer | 6.0 min
  URL: https://67.198.205.58/RECORDINGS/MP3/20251029-091550_6182186637-all.mp3
  ✓ Saved to: /Users/mosesherrera/Desktop/vicidial-analysis/sales_recordings/pitches/Unknown/20251029-091550_6182186637.mp3

↓ Downloading: pitches/Unknown/20251029-082143_6188068426.mp3
  Lead: 41201162 | Campaign: LiveXfer | 17.9 min
  URL: http://98.126.31.37/RECORDINGS/MP3/20251029-082143_6188068426-all.mp3
  ✓ Saved to: /Users/mosesherrera/Desktop/vicidial-analysis/sales_recordings/pitches/Unknown/20251029-082143_6188068426.mp3

↓ Downloading: confirmations/Unknown/20251029-083823_6188068426.mp3
  Lead: 41201162 | Campaign: LiveXfer | 0.3 min
  URL: https://67.198.205.58/RECORDINGS/MP3/20251029-083823_6188068426-all.mp3
  ✓ Saved to: /Users/mosesherrera/Desktop/vicidial-analysis/sales_recordings/confirmations/Unknown/20251029-083823_6188068426.mp3

↓ Downloading: pitches/Unknown/20251029-083836_6188068426.mp3
  Lead: 41201162 | Campaign: LiveXfer | 5.0 min
  URL: https://98.126.31.38/RECORDINGS/MP3/20251029-083836_6188068426-all.mp3
  ✓ Saved to: /Users/mosesherrera/Desktop/vicidial-analysis/sales_recordings/pitches/Unknown/20251029-083836_6188068426.mp3

↓ Downloading: pitches/Unknown/20251029-074516_3097810159.mp3
  Lead: 41303276 | Campaign: LiveXfer | 8.0 min
  URL: https://67.198.205.58/RECORDINGS/MP3/20251029-074516_3097810159-all.mp3
  ✓ Saved to: /Users/mosesherrera/Desktop/vicidial-analysis/sales_recordings/pitches/Unknown/20251029-074516_3097810159.mp3

↓ Downloading: pitches/Unknown/20251029-075255_3097810159.mp3
  Lead: 41303276 | Campaign: LiveXfer | 5.0 min
  URL: http://98.126.31.37/RECORDINGS/MP3/20251029-075255_3097810159-all.mp3
  ✓ Saved to: /Users/mosesherrera/Desktop/vicidial-analysis/sales_recordings/pitches/Unknown/20251029-075255_3097810159.mp3

↓ Downloading: pitches/Unknown/20251029-065532_2178924641.mp3
  Lead: 41372799 | Campaign: LiveXfer | 8.6 min
  URL: https://98.126.31.38/RECORDINGS/MP3/20251029-065532_2178924641-all.mp3
  ✓ Saved to: /Users/mosesherrera/Desktop/vicidial-analysis/sales_recordings/pitches/Unknown/20251029-065532_2178924641.mp3

↓ Downloading: pitches/Unknown/20251029-070345_2178924641.mp3
  Lead: 41372799 | Campaign: LiveXfer | 4.1 min
  URL: https://98.126.31.38/RECORDINGS/MP3/20251029-070345_2178924641-all.mp3
  ✓ Saved to: /Users/mosesherrera/Desktop/vicidial-analysis/sales_recordings/pitches/Unknown/20251029-070345_2178924641.mp3

↓ Downloading: pitches/Illinois/20251029-065438_6189275683.mp3
  Lead: 41459369 | Campaign: IllinoisXfer | 17.0 min
  URL: https://67.198.205.58/RECORDINGS/MP3/20251029-065438_6189275683-all.mp3
  ✓ Saved to: /Users/mosesherrera/Desktop/vicidial-analysis/sales_recordings/pitches/Illinois/20251029-065438_6189275683.mp3


=== DOWNLOAD SUMMARY ===
Total recordings processed: 372
  Pitches downloaded: 184
  Confirmations downloaded: 69
  Skipped (already exist): 479

Recordings saved to: /Users/mosesherrera/Desktop/vicidial-analysis/sales_recordings

=== FOLDER STRUCTURE ===

PITCHES:
  Georgia: 26 recordings
  Illinois: 29 recordings
  Kentucky: 14 recordings
  Missouri: 15 recordings
  Unknown: 157 recordings

CONFIRMATIONS:
  Georgia: 34 recordings
  Illinois: 27 recordings
  Kentucky: 4 recordings
  Missouri: 42 recordings
  Unknown: 7 recordings
